<?xml version="1.0" encoding="UTF-8" ?>
<testsuite errors="0" failures="0" hostname="rCpC" name="javaapplication6.AdditionTest" tests="2" time="0.094" timestamp="2009-12-01T04:37:58">
  <properties>
    <property name="default.javac.source" value="1.6" />
    <property name="file.encoding.pkg" value="sun.io" />
    <property name="libs.toplink.maven-pom" value="" />
    <property name="javac.source" value="1.5" />
    <property name="netbeans.system_http_proxy" value="DIRECT" />
    <property name="java.home" value="C:\Archivos de programa\Java\jdk1.6.0\jre" />
    <property name="test.src.dir" value="test" />
    <property name="libs.jaxws21.src" value="" />
    <property name="javadoc.version" value="false" />
    <property name="libs.CopyLibs.classpath" value="C:\Archivos de programa\NetBeans 6.5\java2\ant\extra\org-netbeans-modules-java-j2seproject-copylibstask.jar" />
    <property name="libs.javac-api.src" value="" />
    <property name="java.endorsed.dirs" value="C:\Archivos de programa\Java\jdk1.6.0\jre\lib\endorsed" />
    <property name="libs.MySQLDriver.classpath" value="C:\Archivos de programa\NetBeans 6.5\ide10\modules\ext\mysql-connector-java-5.1.6-bin.jar" />
    <property name="libs.jaxb.javadoc" value="" />
    <property name="libs.junit.maven-pom" value="" />
    <property name="libs.PostgreSQLDriver.src" value="" />
    <property name="src.dir" value="src" />
    <property name="sun.java2d.noddraw" value="true" />
    <property name="nbplatform.default.harness.dir" value="C:\Archivos de programa\NetBeans 6.5/harness" />
    <property name="debug-args-line" value="-Xdebug" />
    <property name="build.sysclasspath" value="ignore" />
    <property name="have.sources" value="true" />
    <property name="includes" value="**" />
    <property name="source.encoding" value="UTF-8" />
    <property name="libs.jaxws21.classpath" value="C:\Archivos de programa\NetBeans 6.5\ide10\modules\ext\jaxb\activation.jar;C:\Archivos de programa\NetBeans 6.5\ide10\modules\ext\jaxb\api\jaxb-api.jar;C:\Archivos de programa\NetBeans 6.5\ide10\modules\ext\jaxb\jaxb-impl.jar;C:\Archivos de programa\NetBeans 6.5\ide10\modules\ext\jaxb\jaxb-xjc.jar;C:\Archivos de programa\NetBeans 6.5\ide10\modules\ext\jaxb\api\jsr173_api.jar;C:\Archivos de programa\NetBeans 6.5\java2\modules\ext\jaxws21\FastInfoset.jar;C:\Archivos de programa\NetBeans 6.5\java2\modules\ext\jaxws21\http.jar;C:\Archivos de programa\NetBeans 6.5\java2\modules\ext\jaxws21\api\jaxws-api.jar;C:\Archivos de programa\NetBeans 6.5\java2\modules\ext\jaxws21\jaxws-rt.jar;C:\Archivos de programa\NetBeans 6.5\java2\modules\ext\jaxws21\jaxws-tools.jar;C:\Archivos de programa\NetBeans 6.5\java2\modules\ext\jaxws21\api\jsr181-api.jar;C:\Archivos de programa\NetBeans 6.5\java2\modules\ext\jaxws21\api\jsr250-api.jar;C:\Archivos de programa\NetBeans 6.5\java2\modules\ext\jaxws21\mimepull.jar;C:\Archivos de programa\NetBeans 6.5\java2\modules\ext\jaxws21\resolver.jar;C:\Archivos de programa\NetBeans 6.5\java2\modules\ext\jaxws21\api\saaj-api.jar;C:\Archivos de programa\NetBeans 6.5\java2\modules\ext\jaxws21\saaj-impl.jar;C:\Archivos de programa\NetBeans 6.5\java2\modules\ext\jaxws21\sjsxp.jar;C:\Archivos de programa\NetBeans 6.5\java2\modules\ext\jaxws21\stax-ex.jar;C:\Archivos de programa\NetBeans 6.5\java2\modules\ext\jaxws21\streambuffer.jar" />
    <property name="libs.swing-app-framework.javadoc" value="C:\Archivos de programa\NetBeans 6.5\java2\docs\appframework-1.0.3-doc.zip" />
    <property name="sun.os.patch.level" value="Service Pack 2" />
    <property name="java.vendor.url" value="http://java.sun.com/" />
    <property name="java.version" value="1.6.0" />
    <property name="nb.show.statistics.ui" value="usageStatisticsEnabled" />
    <property name="javac.debug" value="true" />
    <property name="org.openide.major.version" value="IDE/1" />
    <property name="run.classpath" value="C:\Archivos de programa\NetBeans 6.5\platform9\modules\ext\junit-4.5.jar:build/classes" />
    <property name="libs.PostgreSQLDriver.maven-pom" value="" />
    <property name="java.vendor.url.bug" value="http://java.sun.com/cgi-bin/bugreport.cgi" />
    <property name="libs.absolutelayout.javadoc" value="" />
    <property name="libs.junit_4.maven-pom" value="" />
    <property name="netbeans.buildnumber" value="200811100001" />
    <property name="manifest.file" value="manifest.mf" />
    <property name="libs.swing-app-framework.maven-pom" value="" />
    <property name="user.name" value="rC" />
    <property name="manifest.available+main.class+mkdist.available" value="true" />
    <property name="sun.io.unicode.encoding" value="UnicodeLittle" />
    <property name="sun.jnu.encoding" value="Cp1252" />
    <property name="java.runtime.name" value="Java(TM) SE Runtime Environment" />
    <property name="application.vendor" value="rC" />
    <property name="jdk.home" value="C:\Archivos de programa\Java\jdk1.6.0" />
    <property name="sun.awt.keepWorkingSetOnMinimize" value="true" />
    <property name="org.openide.TopManager" value="org.netbeans.core.NonGui" />
    <property name="netbeans.dirs" value="C:\Archivos de programa\NetBeans 6.5\nb6.5;C:\Archivos de programa\NetBeans 6.5\ide10;C:\Archivos de programa\NetBeans 6.5\java2;C:\Archivos de programa\NetBeans 6.5\apisupport1;C:\Archivos de programa\NetBeans 6.5\websvccommon1;C:\Archivos de programa\NetBeans 6.5\profiler3;C:\Archivos de programa\NetBeans 6.5\gsf1;C:\Archivos de programa\NetBeans 6.5\harness" />
    <property name="java.specification.name" value="Java Platform API Specification" />
    <property name="javadoc.author" value="false" />
    <property name="libs.hibernate-support.javadoc" value="" />
    <property name="user.timezone" value="" />
    <property name="netbeans.system_http_non_proxy_hosts" value="" />
    <property name="manifest.available" value="true" />
    <property name="libs.spring-framework.maven-pom" value="" />
    <property name="libs.swing-layout.maven-pom" value="" />
    <property name="libs.junit.javadoc" value="C:\Archivos de programa\NetBeans 6.5\java2\docs\junit-3.8.2-api.zip" />
    <property name="org.openide.specification.version" value="6.2" />
    <property name="path.separator" value=";" />
    <property name="version-output" value="java version &quot;1.6" />
    <property name="libs.ejb3-persistence.src" value="" />
    <property name="libs.absolutelayout.classpath" value="C:\Archivos de programa\NetBeans 6.5\java2\modules\ext\AbsoluteLayout.jar" />
    <property name="libs.jaxb.maven-pom" value="" />
    <property name="netbeans.accept_license_class" value="org.netbeans.license.AcceptLicense" />
    <property name="file.encoding" value="Cp1252" />
    <property name="dist.javadoc.dir" value="dist/javadoc" />
    <property name="libs.hibernate-persistence.javadoc" value="" />
    <property name="libs.ejb3-persistence.classpath" value="C:\Archivos de programa\NetBeans 6.5\java2\modules\ext\hibernate\ejb3-persistence.jar" />
    <property name="https.nonProxyHosts" value="localhost|127.0.0.1|rCpC" />
    <property name="libs.junit.src" value="" />
    <property name="ant.file" value="E:\NetBeans_Projects\JavaApplication6\build.xml" />
    <property name="libs.junit_4.src" value="C:\Archivos de programa\NetBeans 6.5\java2\docs\junit-4.5-src.jar" />
    <property name="do.jar" value="true" />
    <property name="ant.file.JavaApplication6-impl" value="E:\NetBeans_Projects\JavaApplication6\nbproject\build-impl.xml" />
    <property name="java.io.tmpdir" value="C:\WINDOWS\Temp\" />
    <property name="build.test.results.dir" value="build/test/results" />
    <property name="user.language" value="en" />
    <property name="line.separator" value="
" />
    <property name="apple.laf.useScreenMenuBar" value="true" />
    <property name="libs.absolutelayout.src" value="" />
    <property name="javac.compilerargs" value="" />
    <property name="libs.hibernate-support.maven-pom" value="" />
    <property name="jar.compress" value="false" />
    <property name="debug-transport-by-os" value="dt_shmem" />
    <property name="libs.JWSAntTasks.src" value="" />
    <property name="javac.compilerargs.jaxws" value="" />
    <property name="libs.hibernate-persistence.maven-pom" value="" />
    <property name="java.vm.info" value="mixed mode, sharing" />
    <property name="libs.javac-api.maven-pom" value="" />
    <property name="javadoc.private" value="false" />
    <property name="ant.file.JavaApplication6" value="E:\NetBeans_Projects\JavaApplication6\build.xml" />
    <property name="sun.desktop" value="windows" />
    <property name="java.vm.specification.name" value="Java Virtual Machine Specification" />
    <property name="build.test.classes.dir" value="build/test/classes" />
    <property name="libs.jaxb.src" value="" />
    <property name="jaxws.endorsed.dir" value="C:\Archivos de programa\NetBeans 6.5\java2\modules\ext\jaxws21\api:C:\Archivos de programa\NetBeans 6.5\ide10\modules\ext\jaxb\api" />
    <property name="libs.MySQLDriver.javadoc" value="" />
    <property name="netbeans.dynamic.classpath" value="C:\Archivos de programa\NetBeans 6.5\platform9\core\core.jar;C:\Archivos de programa\NetBeans 6.5\platform9\core\org-openide-filesystems.jar;C:\Archivos de programa\NetBeans 6.5\platform9\core\locale\core_ja.jar;C:\Archivos de programa\NetBeans 6.5\platform9\core\locale\core_pt_BR.jar;C:\Archivos de programa\NetBeans 6.5\platform9\core\locale\core_zh_CN.jar;C:\Archivos de programa\NetBeans 6.5\platform9\core\locale\org-openide-filesystems_ja.jar;C:\Archivos de programa\NetBeans 6.5\platform9\core\locale\org-openide-filesystems_pt_BR.jar;C:\Archivos de programa\NetBeans 6.5\platform9\core\locale\org-openide-filesystems_zh_CN.jar;C:\Archivos de programa\NetBeans 6.5\nb6.5\core\org-netbeans-upgrader.jar;C:\Archivos de programa\NetBeans 6.5\nb6.5\core\locale\core_nb.jar;C:\Archivos de programa\NetBeans 6.5\nb6.5\core\locale\core_nb_ja.jar;C:\Archivos de programa\NetBeans 6.5\nb6.5\core\locale\core_nb_pt_BR.jar;C:\Archivos de programa\NetBeans 6.5\nb6.5\core\locale\core_nb_zh_CN.jar;C:\Archivos de programa\NetBeans 6.5\nb6.5\core\locale\org-netbeans-upgrader_ja.jar;C:\Archivos de programa\NetBeans 6.5\nb6.5\core\locale\org-netbeans-upgrader_pt_BR.jar;C:\Archivos de programa\NetBeans 6.5\nb6.5\core\locale\org-netbeans-upgrader_zh_CN.jar" />
    <property name="manifest.available+main.class" value="true" />
    <property name="libs.beans-binding.javadoc" value="C:\Archivos de programa\NetBeans 6.5\java2\docs\beansbinding-1.2.1-doc.zip" />
    <property name="platform.active" value="default_platform" />
    <property name="http.nonProxyHosts" value="localhost|127.0.0.1|rCpC" />
    <property name="libs.junit_4.javadoc" value="C:\Archivos de programa\NetBeans 6.5\java2\docs\junit-4.5-api.zip" />
    <property name="libs.spring-framework.src" value="" />
    <property name="libs.beans-binding.maven-pom" value="" />
    <property name="javadoc.encoding" value="UTF-8" />
    <property name="java.awt.printerjob" value="sun.awt.windows.WPrinterJob" />
    <property name="dist.jar" value="dist/JavaApplication6.jar" />
    <property name="meta.inf.dir" value="src/META-INF" />
    <property name="ant.version" value="Apache Ant version 1.7.1 compiled on June 27 2008" />
    <property name="netbeans.home" value="C:\Archivos de programa\NetBeans 6.5\platform9" />
    <property name="javadoc.nonavbar" value="false" />
    <property name="user.properties.file" value="C:\Documents and Settings\rC\.netbeans\6.5\build.properties" />
    <property name="libs.JWSAntTasks.classpath" value="C:\Archivos de programa\NetBeans 6.5\java2\ant\extra\org-netbeans-modules-javawebstart-anttasks.jar" />
    <property name="libs.toplink.classpath" value="C:\Archivos de programa\NetBeans 6.5\java2\modules\ext\toplink\toplink-essentials.jar;C:\Archivos de programa\NetBeans 6.5\java2\modules\ext\toplink\toplink-essentials-agent.jar" />
    <property name="netbeans.importclass" value="org.netbeans.upgrade.AutoUpgrade" />
    <property name="libs.spring-framework.javadoc" value="" />
    <property name="libs.CopyLibs.maven-pom" value="" />
    <property name="useJavaUtilZip" value="true" />
    <property name="build.generated.dir" value="build/generated" />
    <property name="netbeans.home+have.tests" value="true" />
    <property name="org.glassfish.v3.installRoot" value="C:\Archivos de programa\sges-v3-prelude" />
    <property name="os.name" value="Windows XP" />
    <property name="java.specification.vendor" value="Sun Microsystems Inc." />
    <property name="run.test.classpath" value="C:\Archivos de programa\NetBeans 6.5\platform9\modules\ext\junit-4.5.jar:build/classes:C:\Archivos de programa\NetBeans 6.5\platform9\modules\ext\junit-4.5.jar:build/test/classes" />
    <property name="java.vm.name" value="Java HotSpot(TM) Client VM" />
    <property name="libs.CopyLibs.src" value="" />
    <property name="org.openide.version" value="deprecated" />
    <property name="libs.junit.classpath" value="C:\Archivos de programa\NetBeans 6.5\java2\modules\ext\junit-3.8.2.jar" />
    <property name="libs.beans-binding.src" value="" />
    <property name="java.library.path" value="C:\Archivos de programa\Java\jdk1.6.0\jre\bin;.;C:\WINDOWS\Sun\Java\bin;C:\WINDOWS\system32;C:\WINDOWS;C:\Archivos de programa\PC Connectivity Solution\;C:\WINDOWS\system32;C:\WINDOWS;C:\WINDOWS\System32\Wbem;C:\Archivos de programa\Microsoft SQL Server\80\Tools\Binn\;C:\Archivos de programa\Microsoft SQL Server\90\DTS\Binn\;C:\Archivos de programa\Microsoft SQL Server\90\Tools\binn\;C:\Archivos de programa\Microsoft SQL Server\90\Tools\Binn\VSShell\Common7\IDE\;C:\Archivos de programa\Microsoft Visual Studio 8\Common7\IDE\PrivateAssemblies\;C:\Archivos de programa\pl\bin\;C:\Archivos de programa\Java\jdk1.6.0\lib\tools.jar;C:\Archivos de programa\Java\jdk1.6.0\jre\lib\rt.jar;C:\Archivos de programa\pl\bin;C:\Archivos de programa\pl\lib\jpl.jar;" />
    <property name="libs.PostgreSQLDriver.javadoc" value="" />
    <property name="libs.toplink.javadoc" value="" />
    <property name="ant.java.version" value="1.6" />
    <property name="basedir" value="E:\NetBeans_Projects\JavaApplication6" />
    <property name="javadoc.noindex" value="false" />
    <property name="java.class.version" value="50.0" />
    <property name="sun.awt.exception.handler" value="org.netbeans.core.startup.TopLogging$AWTHandler" />
    <property name="javac.test.classpath" value="C:\Archivos de programa\NetBeans 6.5\platform9\modules\ext\junit-4.5.jar:build/classes:C:\Archivos de programa\NetBeans 6.5\platform9\modules\ext\junit-4.5.jar" />
    <property name="ant.home" value="C:\Archivos de programa\NetBeans 6.5\java2\ant" />
    <property name="libs.hibernate-persistence.src" value="" />
    <property name="javadoc.splitindex" value="true" />
    <property name="libs.toplink.src" value="" />
    <property name="libs.javac-api.javadoc" value="" />
    <property name="javadoc.preview" value="true" />
    <property name="libs.MySQLDriver.maven-pom" value="" />
    <property name="libs.CopyLibs.javadoc" value="" />
    <property name="libs.PostgreSQLDriver.classpath" value="C:\Archivos de programa\NetBeans 6.5\ide10\modules\ext\postgresql-8.3-603.jdbc3.jar" />
    <property name="libs.jaxws21.maven-pom" value="" />
    <property name="libs.junit_4.classpath" value="C:\Archivos de programa\NetBeans 6.5\platform9\modules\ext\junit-4.5.jar" />
    <property name="sun.boot.library.path" value="C:\Archivos de programa\Java\jdk1.6.0\jre\bin" />
    <property name="build.dir" value="build" />
    <property name="application.title" value="JavaApplication6" />
    <property name="sun.management.compiler" value="HotSpot Client Compiler" />
    <property name="libs.swing-app-framework.classpath" value="C:\Archivos de programa\NetBeans 6.5\java2\modules\ext\appframework-1.0.3.jar;C:\Archivos de programa\NetBeans 6.5\java2\modules\ext\swing-worker-1.1.jar" />
    <property name="libs.ejb3-persistence.javadoc" value="" />
    <property name="java.awt.graphicsenv" value="sun.awt.Win32GraphicsEnvironment" />
    <property name="user.variant" value="" />
    <property name="javadoc.encoding.used" value="UTF-8" />
    <property name="javadoc.windowtitle" value="" />
    <property name="libs.hibernate-support.src" value="" />
    <property name="run.jvmargs" value="" />
    <property name="build.compiler.emacs" value="true" />
    <property name="ant.project.name" value="JavaApplication6" />
    <property name="libs.swing-layout.classpath" value="C:\Archivos de programa\NetBeans 6.5\platform9\modules\ext\swing-layout-1.0.3.jar" />
    <property name="libs.spring-framework.classpath" value="C:\Archivos de programa\NetBeans 6.5\ide10\modules\ext\commons-logging-1.1.jar;C:\Archivos de programa\NetBeans 6.5\java2\modules\ext\cglib-2.2.jar;C:\Archivos de programa\NetBeans 6.5\java2\modules\ext\spring\spring-2.5.jar" />
    <property name="java.vm.specification.version" value="1.0" />
    <property name="work.dir" value="E:\NetBeans_Projects\JavaApplication6" />
    <property name="libs.jaxb.classpath" value="C:\Archivos de programa\NetBeans 6.5\ide10\modules\ext\jaxb\activation.jar;C:\Archivos de programa\NetBeans 6.5\ide10\modules\ext\jaxb\api\jaxb-api.jar;C:\Archivos de programa\NetBeans 6.5\ide10\modules\ext\jaxb\jaxb-impl.jar;C:\Archivos de programa\NetBeans 6.5\ide10\modules\ext\jaxb\jaxb-xjc.jar;C:\Archivos de programa\NetBeans 6.5\ide10\modules\ext\jaxb\api\jsr173_api.jar" />
    <property name="awt.toolkit" value="sun.awt.windows.WToolkit" />
    <property name="javadoc.use" value="true" />
    <property name="sun.cpu.isalist" value="" />
    <property name="java.ext.dirs" value="C:\Archivos de programa\Java\jdk1.6.0\jre\lib\ext;C:\WINDOWS\Sun\Java\lib\ext" />
    <property name="os.version" value="5.1" />
    <property name="excludes" value="" />
    <property name="user.home" value="C:\Documents and Settings\rC" />
    <property name="org.xml.sax.driver" value="com.sun.org.apache.xerces.internal.jaxp.SAXParserImpl$JAXPSAXParser" />
    <property name="java.vm.vendor" value="Sun Microsystems Inc." />
    <property name="libs.absolutelayout.maven-pom" value="" />
    <property name="org.openide.TopManager.GUI" value="true" />
    <property name="user.dir" value="E:\NetBeans_Projects\JavaApplication6" />
    <property name="debug-transport" value="dt_shmem" />
    <property name="libs.ejb3-persistence.maven-pom" value="" />
    <property name="application.args" value="" />
    <property name="sun.cpu.endian" value="little" />
    <property name="compile.on.save" value="true" />
    <property name="libs.hibernate-support.classpath" value="C:\Archivos de programa\NetBeans 6.5\java2\modules\ext\hibernate\antlr-2.7.6.jar;C:\Archivos de programa\NetBeans 6.5\java2\modules\ext\hibernate\asm.jar;C:\Archivos de programa\NetBeans 6.5\java2\modules\ext\hibernate\asm-attrs.jar;C:\Archivos de programa\NetBeans 6.5\java2\modules\ext\hibernate\cglib-2.1.3.jar;C:\Archivos de programa\NetBeans 6.5\java2\modules\ext\hibernate\commons-collections-2.1.1.jar;C:\Archivos de programa\NetBeans 6.5\ide10\modules\ext\commons-logging-1.1.jar;C:\Archivos de programa\NetBeans 6.5\java2\modules\ext\hibernate\dom4j-1.6.1.jar;C:\Archivos de programa\NetBeans 6.5\java2\modules\ext\hibernate\ehcache-1.2.3.jar;C:\Archivos de programa\NetBeans 6.5\java2\modules\ext\hibernate\jdbc2_0-stdext.jar;C:\Archivos de programa\NetBeans 6.5\java2\modules\ext\hibernate\jta.jar;C:\Archivos de programa\NetBeans 6.5\java2\modules\ext\hibernate\hibernate3.jar;C:\Archivos de programa\NetBeans 6.5\java2\modules\ext\hibernate\hibernate-tools.jar;C:\Archivos de programa\NetBeans 6.5\java2\modules\ext\hibernate\hibernate-annotations.jar;C:\Archivos de programa\NetBeans 6.5\java2\modules\ext\hibernate\hibernate-commons-annotations.jar;C:\Archivos de programa\NetBeans 6.5\java2\modules\ext\hibernate\hibernate-entitymanager.jar;C:\Archivos de programa\NetBeans 6.5\java2\modules\ext\hibernate\javassist.jar" />
    <property name="libs.MySQLDriver.src" value="" />
    <property name="java.vm.version" value="1.6.0-b105" />
    <property name="libs.hibernate-persistence.classpath" value="C:\Archivos de programa\NetBeans 6.5\java2\modules\ext\hibernate\antlr-2.7.6.jar;C:\Archivos de programa\NetBeans 6.5\java2\modules\ext\hibernate\asm.jar;C:\Archivos de programa\NetBeans 6.5\java2\modules\ext\hibernate\asm-attrs.jar;C:\Archivos de programa\NetBeans 6.5\java2\modules\ext\hibernate\cglib-2.1.3.jar;C:\Archivos de programa\NetBeans 6.5\java2\modules\ext\hibernate\commons-collections-2.1.1.jar;C:\Archivos de programa\NetBeans 6.5\ide10\modules\ext\commons-logging-1.1.jar;C:\Archivos de programa\NetBeans 6.5\java2\modules\ext\hibernate\dom4j-1.6.1.jar;C:\Archivos de programa\NetBeans 6.5\java2\modules\ext\hibernate\ehcache-1.2.3.jar;C:\Archivos de programa\NetBeans 6.5\java2\modules\ext\hibernate\jdbc2_0-stdext.jar;C:\Archivos de programa\NetBeans 6.5\java2\modules\ext\hibernate\jta.jar;C:\Archivos de programa\NetBeans 6.5\java2\modules\ext\hibernate\hibernate3.jar;C:\Archivos de programa\NetBeans 6.5\java2\modules\ext\hibernate\hibernate-tools.jar;C:\Archivos de programa\NetBeans 6.5\java2\modules\ext\hibernate\hibernate-annotations.jar;C:\Archivos de programa\NetBeans 6.5\java2\modules\ext\hibernate\hibernate-commons-annotations.jar;C:\Archivos de programa\NetBeans 6.5\java2\modules\ext\hibernate\hibernate-entitymanager.jar;C:\Archivos de programa\NetBeans 6.5\java2\modules\ext\hibernate\javassist.jar;C:\Archivos de programa\NetBeans 6.5\java2\modules\ext\hibernate\ejb3-persistence.jar" />
    <property name="java.class.path" value="C:\Archivos de programa\NetBeans 6.5\platform9\modules\ext\junit-4.5.jar;E:\NetBeans_Projects\JavaApplication6\build\classes;E:\NetBeans_Projects\JavaApplication6\build\test\classes;C:\Archivos de programa\NetBeans 6.5\java2\ant\lib\ant-launcher.jar;C:\Archivos de programa\NetBeans 6.5\java2\ant\lib\ant.jar;C:\Archivos de programa\NetBeans 6.5\java2\ant\patches\72080.jar" />
    <property name="os.arch" value="x86" />
    <property name="javac.deprecation" value="false" />
    <property name="nbplatform.default.netbeans.dest.dir" value="C:\Archivos de programa\NetBeans 6.5" />
    <property name="build.classes.excludes" value="**/*.java,**/*.form" />
    <property name="dist.dir" value="dist" />
    <property name="netbeans.user" value="C:\Documents and Settings\rC\.netbeans\6.5" />
    <property name="debug.classpath" value="C:\Archivos de programa\NetBeans 6.5\platform9\modules\ext\junit-4.5.jar:build/classes" />
    <property name="sun.java.launcher" value="SUN_STANDARD" />
    <property name="ant.core.lib" value="C:\Archivos de programa\NetBeans 6.5\java2\ant\lib\ant.jar" />
    <property name="java.vm.specification.vendor" value="Sun Microsystems Inc." />
    <property name="com.sun.aas.installRoot" value="C:\Sun\AppServer" />
    <property name="do.depend" value="false" />
    <property name="file.separator" value="\" />
    <property name="java.runtime.version" value="1.6.0-b105" />
    <property name="debug.test.classpath" value="C:\Archivos de programa\NetBeans 6.5\platform9\modules\ext\junit-4.5.jar:build/classes:C:\Archivos de programa\NetBeans 6.5\platform9\modules\ext\junit-4.5.jar:build/test/classes" />
    <property name="sun.boot.class.path" value="C:\Archivos de programa\Java\jdk1.6.0\jre\lib\resources.jar;C:\Archivos de programa\Java\jdk1.6.0\jre\lib\rt.jar;C:\Archivos de programa\Java\jdk1.6.0\jre\lib\sunrsasign.jar;C:\Archivos de programa\Java\jdk1.6.0\jre\lib\jsse.jar;C:\Archivos de programa\Java\jdk1.6.0\jre\lib\jce.jar;C:\Archivos de programa\Java\jdk1.6.0\jre\lib\charsets.jar;C:\Archivos de programa\Java\jdk1.6.0\jre\classes" />
    <property name="libs.beans-binding.classpath" value="C:\Archivos de programa\NetBeans 6.5\java2\modules\ext\beansbinding-1.2.1.jar" />
    <property name="have.tests" value="true" />
    <property name="main.class" value="javaapplication6.Main" />
    <property name="libs.JWSAntTasks.maven-pom" value="" />
    <property name="java.util.logging.config.class" value="org.netbeans.core.startup.TopLogging" />
    <property name="libs.javac-api.classpath" value="C:\Archivos de programa\NetBeans 6.5\java2\modules\ext\javac-api-nb-7.0-b07.jar" />
    <property name="user.country" value="US" />
    <property name="javadoc.notree" value="false" />
    <property name="libs.jaxws21.javadoc" value="C:\Archivos de programa\NetBeans 6.5\java2\docs\jaxws-2_1-api-doc.zip" />
    <property name="default.javac.target" value="1.6" />
    <property name="javac.classpath" value="C:\Archivos de programa\NetBeans 6.5\platform9\modules\ext\junit-4.5.jar" />
    <property name="javadoc.additionalparam" value="" />
    <property name="build.classes.dir" value="build/classes" />
    <property name="libs.swing-layout.javadoc" value="C:\Archivos de programa\NetBeans 6.5\platform9\docs\swing-layout-1.0.3-doc.zip" />
    <property name="libs.swing-layout.src" value="C:\Archivos de programa\NetBeans 6.5\platform9\docs\swing-layout-1.0.3-src.zip" />
    <property name="java.vendor" value="Sun Microsystems Inc." />
    <property name="javac.target" value="1.5" />
    <property name="libs.swing-app-framework.src" value="" />
    <property name="java.specification.version" value="1.6" />
    <property name="libs.JWSAntTasks.javadoc" value="" />
    <property name="sun.arch.data.model" value="32" />
  </properties>
  <testcase classname="javaapplication6.AdditionTest" name="testSum" time="0.0" />
  <testcase classname="javaapplication6.AdditionTest" name="testMultiply" time="0.0" />
  <system-out><![CDATA[sum
multiply
]]></system-out>
  <system-err><![CDATA[]]></system-err>
</testsuite>
