<?xml version="1.0" encoding="UTF-8" ?>
<testsuite errors="0" failures="2" hostname="rC" name="org.me.hello.NameHandlerTest" tests="4" time="0.5" timestamp="2008-06-01T09:12:56">
  <properties>
    <property name="netbeans.autoupdate.country" value="PE" />
    <property name="javax.xml.parsers.SAXParserFactory" value="org.netbeans.core.startup.SAXFactoryImpl" />
    <property name="javac.test.classpath" value=":build/web/WEB-INF/classes:C:\Archivos de programa\NetBeans 6.0\java1\modules\ext\junit-3.8.2.jar" />
    <property name="libs.DataBindingME.src" value="" />
    <property name="libs.j2me_ant_ext.javadoc" value="" />
    <property name="source.root" value="src" />
    <property name="do.display.browser" value="true" />
    <property name="org.openide.TopManager.GUI" value="true" />
    <property name="libs.theme-default.classpath" value="C:\Archivos de programa\NetBeans 6.0\visualweb1\modules\ext\defaulttheme.jar" />
    <property name="libs.proguard.javadoc" value="" />
    <property name="libs.junit.javadoc" value="C:\Archivos de programa\NetBeans 6.0\java1\docs\junit-3.8.2-api.zip" />
    <property name="libs.nsicom-ant-utils.src" value="" />
    <property name="libs.nokiaS80-ant-utils.javadoc" value="" />
    <property name="ant.core.lib" value="C:\Archivos de programa\NetBeans 6.0\java1\ant\lib\ant.jar" />
    <property name="deployments.Scp.default.deployment.scp.userid" value="" />
    <property name="libs.swing-app-framework.src" value="" />
    <property name="deployment.WindowsMobile.scriptfile" value="C:\Archivos de programa\NetBeans 6.0\mobility8\modules\scr\deploy-wm-impl.xml" />
    <property name="libs.jakarta_slide_ant_webdav.javadoc" value="" />
    <property name="javadoc.windowtitle" value="" />
    <property name="libs.toplink.classpath" value="C:\Archivos de programa\NetBeans 6.0\java1\modules\ext\toplink\toplink-essentials.jar;C:\Archivos de programa\NetBeans 6.0\java1\modules\ext\toplink\toplink-essentials-agent.jar" />
    <property name="user.dir" value="E:\jp\J2EE Homeworks\2d LAB-4011 Using Netbeans for Developing Web Applications\HelloWebHw" />
    <property name="libs.theme-default-green.classpath" value="C:\Archivos de programa\NetBeans 6.0\visualweb1\modules\ext\defaulttheme-green.jar" />
    <property name="libs.JMUnit4CLDC10.javadoc" value="C:\Archivos de programa\NetBeans 6.0\mobility8\modules\docs\jmunit-1.0.1-api.zip" />
    <property name="java.vm.version" value="1.6.0-b105" />
    <property name="libs.DataBindingME.classpath" value="C:\Archivos de programa\NetBeans 6.0\mobility8\modules\ext\netbeans_databindingme.jar" />
    <property name="libs.jstl11.maven-pom" value="" />
    <property name="libs.nsicom-ant-utils.classpath" value="" />
    <property name="libs.MySQLDriver.classpath" value="C:\Archivos de programa\NetBeans 6.0\ide8\modules\ext\mysql-connector-java-5.0.7-bin.jar" />
    <property name="no.dependencies" value="false" />
    <property name="libs.jstl11.src" value="" />
    <property name="javadoc.notree" value="false" />
    <property name="lib.dir" value="web/WEB-INF/lib" />
    <property name="deployments.WebDAV.default.deployment.webdav.server" value="" />
    <property name="netbeans.autoupdate.version" value="1.23" />
    <property name="libs.DataBindingME-PIM.maven-pom" value="" />
    <property name="libs.exceptionhandler-runtime.maven-pom" value="" />
    <property name="libs.NetBeans MIDP Components.maven-pom" value="" />
    <property name="jdk.home" value="C:\Archivos de programa\Java\jdk1.6.0" />
    <property name="libs.javac-api.src" value="" />
    <property name="javadoc.noindex" value="false" />
    <property name="libs.theme-default-green.runtime" value="C:\Archivos de programa\NetBeans 6.0\visualweb1\modules\ext\defaulttheme-green.jar" />
    <property name="sun.os.patch.level" value="Service Pack 2" />
    <property name="deployments.WebDAV.default.deployment.webdav.port" value="80" />
    <property name="libs.theme-default-gray.runtime" value="C:\Archivos de programa\NetBeans 6.0\visualweb1\modules\ext\defaulttheme-gray.jar" />
    <property name="java.vm.specification.name" value="Java Virtual Machine Specification" />
    <property name="libs.semc-ant-utils.classpath" value="C:\Archivos de programa\NetBeans 6.0\mobility8\modules\ext\org-netbeans-modules-j2me-cdc-project-semc.jar" />
    <property name="libs.jdbcsupport-runtime.classpath" value="C:\Archivos de programa\NetBeans 6.0\visualweb1\modules\ext\sqlx.jar" />
    <property name="libs.nokiadeployment.classpath" value="C:\Archivos de programa\NetBeans 6.0\mobility8\modules\org-netbeans-modules-mobility-deployment-nokia.jar" />
    <property name="netbeans.autoupdate.variant" value="" />
    <property name="have.tests" value="true" />
    <property name="libs.nokiaS80-ant-utils.maven-pom" value="" />
    <property name="libs.jdbcsupport-designtime.classpath" value="C:\Archivos de programa\NetBeans 6.0\visualweb1\modules\ext\sqlx.jar" />
    <property name="org.xml.sax.driver" value="com.sun.org.apache.xerces.internal.jaxp.SAXParserImpl$JAXPSAXParser" />
    <property name="libs.nb_svg_midp_components.src" value="C:\Archivos de programa\NetBeans 6.0\mobility8\sources\nb_svg_midp_components-src.zip" />
    <property name="j2ee.server.instance" value="[C:\Sun\AppServer]deployer:Sun:AppServer::localhost:4848" />
    <property name="libs.NetBeans MIDP Components WMA.src" value="C:\Archivos de programa\NetBeans 6.0\mobility8\sources\netbeans_midp_components_wma-src.zip" />
    <property name="libs.javac-api.javadoc" value="" />
    <property name="os.name" value="Windows XP" />
    <property name="libs.beans-binding.classpath" value="C:\Archivos de programa\NetBeans 6.0\java1\modules\ext\beansbinding-1.2.1.jar" />
    <property name="libs.DataBindingME-SVG.javadoc" value="C:\Archivos de programa\NetBeans 6.0\mobility8\modules\docs\netbeans_databindingme_svg-api.zip" />
    <property name="rave.build" value="thresher-fcs" />
    <property name="runmain.jvmargs" value="" />
    <property name="java.vendor.url.bug" value="http://java.sun.com/cgi-bin/bugreport.cgi" />
    <property name="libs.nsicom-ant-utils.javadoc" value="" />
    <property name="os.arch" value="x86" />
    <property name="user.name" value="Administrado" />
    <property name="libs.jsf12.javadoc" value="C:\Archivos de programa\NetBeans 6.0\enterprise4\docs\javaee5-doc-api.zip" />
    <property name="libs.jaxb21.maven-pom" value="" />
    <property name="ant.file.HelloWebHw-impl" value="E:\jp\J2EE Homeworks\2d LAB-4011 Using Netbeans for Developing Web Applications\HelloWebHw\nbproject\build-impl.xml" />
    <property name="libs.swing-layout.maven-pom" value="" />
    <property name="build.classes.dir" value="build/web/WEB-INF/classes" />
    <property name="netbeans.accept_license_class" value="org.netbeans.license.AcceptLicense" />
    <property name="libs.jaxws21.javadoc" value="C:\Archivos de programa\NetBeans 6.0\java1\docs\jaxws-2_1-api-doc.zip" />
    <property name="build.web.excludes" value="**/*.java,**/*.form" />
    <property name="j2ee.platform.wsimport.classpath" value="C:\Sun\AppServer\lib\webservices-tools.jar:C:\Sun\AppServer\lib\webservices-rt.jar:C:\Sun\AppServer\lib\tools.jar:C:\Sun\AppServer\lib\appserv-jstl.jar:C:\Sun\AppServer\lib\javaee.jar:C:\Sun\AppServer\lib\appserv-ws.jar:C:\Sun\AppServer\lib\mail.jar:C:\Sun\AppServer\lib\activation.jar" />
    <property name="javax.xml.parsers.DocumentBuilderFactory" value="org.netbeans.core.startup.DOMFactoryImpl" />
    <property name="user.country" value="PE" />
    <property name="libs.jstl11.javadoc" value="C:\Archivos de programa\NetBeans 6.0\enterprise4\docs\javaee5-doc-api.zip" />
    <property name="libs.JMUnit4CLDC11.src" value="" />
    <property name="javadoc.encoding" value="" />
    <property name="javac.classpath" value="" />
    <property name="libs.jsfsupport-designtime.javadoc" value="C:\Archivos de programa\NetBeans 6.0\visualweb1\docs\appbase-doc.zip;C:\Archivos de programa\NetBeans 6.0\visualweb1\docs\dataprovider-doc.zip;C:\Archivos de programa\NetBeans 6.0\visualweb1\docs\jsfcl-doc.zip" />
    <property name="libs.JAVADB_DRIVER_LABEL.src" value="" />
    <property name="netbeans.system_http_non_proxy_hosts" value="" />
    <property name="netbeans.home" value="C:\Archivos de programa\NetBeans 6.0\platform7" />
    <property name="build.compiler.emacs" value="true" />
    <property name="libs.nokiaS80-ant-utils.src" value="" />
    <property name="libs.jdbcsupport-runtime.javadoc" value="" />
    <property name="libs.cdc-pp-awt-layout.javadoc" value="" />
    <property name="libs.j2me_ant_ext.classpath" value="C:\Archivos de programa\NetBeans 6.0\mobility8\modules\org-netbeans-modules-mobility-antext.jar;C:\Archivos de programa\NetBeans 6.0\ide8\modules\org-netbeans-modules-classfile.jar" />
    <property name="java.endorsed.dirs" value="C:\Archivos de programa\Java\jdk1.6.0\jre\lib\endorsed" />
    <property name="netbeans.dynamic.classpath" value="C:\Archivos de programa\NetBeans 6.0\platform7\core\org-openide-filesystems.jar;C:\Archivos de programa\NetBeans 6.0\platform7\core\core.jar;C:\Archivos de programa\NetBeans 6.0\nb6.0\core\org-netbeans-upgrader.jar;C:\Archivos de programa\NetBeans 6.0\nb6.0\core\locale\core_nb.jar" />
    <property name="libs.cdc-agui-swing-layout.maven-pom" value="" />
    <property name="libs.cdc-pp-awt-layout.src" value="C:\Archivos de programa\NetBeans 6.0\mobility8\sources\cdc-pp-awt-layout-src.zip" />
    <property name="java.vm.specification.version" value="1.0" />
    <property name="libs.jakarta_slide_ant_webdav.src" value="" />
    <property name="jspcompilation.classpath" value="C:\Archivos de programa\NetBeans 6.0\java1\ant\lib\ant.jar:C:\Archivos de programa\NetBeans 6.0\enterprise4\modules\ext\servlet2.5-jsp2.1-api.jar:C:\Sun\AppServer\lib\javaee.jar:C:\Sun\AppServer\lib\jsf-impl.jar:C:\Sun\AppServer\lib\activation.jar:C:\Sun\AppServer\lib\appserv-tags.jar:C:\Sun\AppServer\lib\mail.jar:C:\Sun\AppServer\lib\appserv-jstl.jar:C:\Sun\AppServer\lib\webservices-tools.jar:C:\Sun\AppServer\lib\webservices-rt.jar:C:\Sun\AppServer\lib\appserv-ws.jar:C:\Archivos de programa\NetBeans 6.0\enterprise4\modules\ext\glassfish-jspparser-2.0.jar:C:\Archivos de programa\NetBeans 6.0\enterprise4\modules\ext\glassfish-logging-2.0.jar:C:\Archivos de programa\NetBeans 6.0\ide8\modules\ext\commons-logging-1.0.4.jar:C:\Archivos de programa\NetBeans 6.0\java1\ant\lib\ant-launcher.jar:" />
    <property name="libs.JMUnit4CLDC10.maven-pom" value="" />
    <property name="libs.jaxws21.src" value="" />
    <property name="do.war.package.with.custom.manifest" value="true" />
    <property name="platforms.Sun_Java_TM__Wireless_Toolkit_2_5_2_for_CLDC.preverifycommandline" value="" />
    <property name="libs.swing-app-framework.classpath" value="C:\Archivos de programa\NetBeans 6.0\java1\modules\ext\appframework-1.0.3.jar;C:\Archivos de programa\NetBeans 6.0\java1\modules\ext\swing-worker-1.1.jar" />
    <property name="netbeans.autoupdate.language" value="es" />
    <property name="libs.jakarta_slide_ant_webdav.classpath" value="C:\Archivos de programa\NetBeans 6.0\mobility8\modules\ext\commons-httpclient-3.0.1.jar;C:\Archivos de programa\NetBeans 6.0\ide8\modules\ext\commons-logging-1.0.4.jar;C:\Archivos de programa\NetBeans 6.0\mobility8\modules\ext\jdom-1.0.jar;C:\Archivos de programa\NetBeans 6.0\mobility8\modules\ext\jakarta-slide-webdavlib-2.1.jar;C:\Archivos de programa\NetBeans 6.0\mobility8\modules\ext\jakarta-slide-ant-webdav-2.1.jar" />
    <property name="org.netbeans.core.startup.specialResource" value="nullcom.sun.jdo.api.persistence.mapping.ejb" />
    <property name="java.vendor" value="Sun Microsystems Inc." />
    <property name="libs.JMUnit4CLDC10.src" value="" />
    <property name="javac.debug" value="true" />
    <property name="javadoc.splitindex" value="true" />
    <property name="file.separator" value="\" />
    <property name="libs.IdentityAntTasks.src" value="" />
    <property name="libs.ActiveSync.classpath" value="C:\Archivos de programa\NetBeans 6.0\mobility8\modules\ext\nbactivesync-5.0.jar" />
    <property name="platforms.Sun_Java_TM__Wireless_Toolkit_2_5_2_for_CLDC.home" value="C:\Archivos de programa\NetBeans 6.0\mobility8\WTK2.5.2" />
    <property name="libs.junit_4.maven-pom" value="" />
    <property name="deployments.Scp.default.deployment.scp.keyfile" value="" />
    <property name="resource.dir" value="setup" />
    <property name="netbeans.buildnumber" value="200711261600" />
    <property name="user.variant" value="" />
    <property name="libs.webui-runtime.classpath" value="C:\Archivos de programa\NetBeans 6.0\visualweb1\modules\ext\webui.jar;C:\Archivos de programa\NetBeans 6.0\enterprise4\modules\ext\commons-fileupload-1.0.jar" />
    <property name="sun.java.launcher" value="SUN_STANDARD" />
    <property name="libs.junit.classpath" value="C:\Archivos de programa\NetBeans 6.0\java1\modules\ext\junit-3.8.2.jar" />
    <property name="libs.struts.classpath" value="C:\Archivos de programa\NetBeans 6.0\enterprise4\modules\ext\struts\antlr.jar;C:\Archivos de programa\NetBeans 6.0\enterprise4\modules\ext\struts\commons-beanutils.jar;C:\Archivos de programa\NetBeans 6.0\enterprise4\modules\ext\struts\commons-digester.jar;C:\Archivos de programa\NetBeans 6.0\enterprise4\modules\ext\struts\commons-logging.jar;C:\Archivos de programa\NetBeans 6.0\enterprise4\modules\ext\struts\commons-validator.jar;C:\Archivos de programa\NetBeans 6.0\enterprise4\modules\ext\struts\jakarta-oro.jar;C:\Archivos de programa\NetBeans 6.0\enterprise4\modules\ext\struts\struts.jar;C:\Archivos de programa\NetBeans 6.0\enterprise4\modules\ext\commons-fileupload-1.0.jar" />
    <property name="libs.woodstock-theme-default.classpath" value="C:\Archivos de programa\NetBeans 6.0\visualweb1\modules\ext\webui-jsf-suntheme.jar" />
    <property name="application.args.param" value="" />
    <property name="org.openide.awt.SwingBrowserImpl.do-not-block-awt" value="false" />
    <property name="ant.home" value="C:\Archivos de programa\NetBeans 6.0\java1\ant" />
    <property name="libs.junit_4.src" value="" />
    <property name="libs.ricoh-ant-utils.maven-pom" value="" />
    <property name="conf.dir" value="src/conf" />
    <property name="webinf.dir" value="web/WEB-INF" />
    <property name="libs.absolutelayout.maven-pom" value="" />
    <property name="ant.java.version" value="1.6" />
    <property name="java.library.path" value="C:\Archivos de programa\Java\jdk1.6.0\jre\bin;.;C:\WINDOWS\Sun\Java\bin;C:\WINDOWS\system32;C:\WINDOWS;E:\oracleHttpServer\bin;E:\oracle\product\10.2.0\db_1\bin;E:\oracle\product\10.2.0\db_2\bin;C:\WINDOWS\system32;C:\WINDOWS;C:\WINDOWS\System32\Wbem;C:\Archivos de programa\Microsoft SQL Server\80\Tools\BINN;C:\Archivos de programa\Rational\common;C:\BC45\BIN;C:\Sun\AppServer\bin;C:\Sun\AppServer\lib\ant\bin;C:\Archivos de programa\Java\jdk1.6.0\bin" />
    <property name="javadoc.author" value="false" />
    <property name="libs.IdentityAntTasks.classpath" value="C:\Archivos de programa\NetBeans 6.0\identity1\ant\nblib\org-netbeans-modules-identity-ant.jar;C:\Archivos de programa\NetBeans 6.0\identity1\modules\org-netbeans-modules-identity-profile-api.jar" />
    <property name="java.util.logging.config.class" value="org.netbeans.core.startup.TopLogging" />
    <property name="libs.PostgreSQLDriver.src" value="" />
    <property name="deployment.WebDAV.scriptfile" value="C:\Archivos de programa\NetBeans 6.0\mobility8\modules\scr\deploy-webdav-impl.xml" />
    <property name="sun.arch.data.model" value="32" />
    <property name="basedir" value="E:\jp\J2EE Homeworks\2d LAB-4011 Using Netbeans for Developing Web Applications\HelloWebHw" />
    <property name="libs.ActiveSync.src" value="" />
    <property name="jar.compress" value="false" />
    <property name="libs.NetBeans MIDP Components PDA.src" value="C:\Archivos de programa\NetBeans 6.0\mobility8\sources\netbeans_midp_components_pda-src.zip" />
    <property name="libs.jstl11.classpath" value="C:\Archivos de programa\NetBeans 6.0\enterprise4\modules\ext\standard.jar;C:\Archivos de programa\NetBeans 6.0\enterprise4\modules\ext\jstl.jar" />
    <property name="war.package" value="true" />
    <property name="path.separator" value=";" />
    <property name="dist.war" value="dist/HelloWebHw.war" />
    <property name="com.sun.aas.installRoot" value="C:\Archivos de programa\glassfish-v2" />
    <property name="sun.io.unicode.encoding" value="UnicodeLittle" />
    <property name="libs.semc-ant-utils.javadoc" value="" />
    <property name="libs.jaxws21.classpath" value="C:\Archivos de programa\NetBeans 6.0\java1\modules\ext\jaxws21\activation.jar;C:\Archivos de programa\NetBeans 6.0\java1\modules\ext\jaxws21\FastInfoset.jar;C:\Archivos de programa\NetBeans 6.0\java1\modules\ext\jaxws21\http.jar;C:\Archivos de programa\NetBeans 6.0\java1\modules\ext\jaxws21\api\jaxb-api.jar;C:\Archivos de programa\NetBeans 6.0\java1\modules\ext\jaxws21\jaxb-impl.jar;C:\Archivos de programa\NetBeans 6.0\java1\modules\ext\jaxws21\jaxb-xjc.jar;C:\Archivos de programa\NetBeans 6.0\java1\modules\ext\jaxws21\api\jaxws-api.jar;C:\Archivos de programa\NetBeans 6.0\java1\modules\ext\jaxws21\jaxws-rt.jar;C:\Archivos de programa\NetBeans 6.0\java1\modules\ext\jaxws21\jaxws-tools.jar;C:\Archivos de programa\NetBeans 6.0\java1\modules\ext\jaxws21\api\jsr173_api.jar;C:\Archivos de programa\NetBeans 6.0\java1\modules\ext\jaxws21\api\jsr181-api.jar;C:\Archivos de programa\NetBeans 6.0\java1\modules\ext\jaxws21\api\jsr250-api.jar;C:\Archivos de programa\NetBeans 6.0\java1\modules\ext\jaxws21\api\saaj-api.jar;C:\Archivos de programa\NetBeans 6.0\java1\modules\ext\jaxws21\saaj-impl.jar;C:\Archivos de programa\NetBeans 6.0\java1\modules\ext\jaxws21\sjsxp.jar;C:\Archivos de programa\NetBeans 6.0\java1\modules\ext\jaxws21\stax-ex.jar;C:\Archivos de programa\NetBeans 6.0\java1\modules\ext\jaxws21\streambuffer.jar" />
    <property name="libs.struts.src" value="" />
    <property name="deployment.Scp.scriptfile" value="C:\Archivos de programa\NetBeans 6.0\mobility8\modules\scr\deploy-scp-impl.xml" />
    <property name="user.language" value="es" />
    <property name="deployments.WebDAV.default.deployment.webdav.password" value="" />
    <property name="j2ee.platform.classpath" value="C:\Sun\AppServer\lib\javaee.jar:C:\Sun\AppServer\lib\jsf-impl.jar:C:\Sun\AppServer\lib\activation.jar:C:\Sun\AppServer\lib\appserv-tags.jar:C:\Sun\AppServer\lib\mail.jar:C:\Sun\AppServer\lib\appserv-jstl.jar:C:\Sun\AppServer\lib\webservices-tools.jar:C:\Sun\AppServer\lib\webservices-rt.jar:C:\Sun\AppServer\lib\appserv-ws.jar" />
    <property name="deployments.Scp.default.deployment.scp.port" value="22" />
    <property name="libs.jaxb21.javadoc" value="" />
    <property name="build.meta.inf.dir" value="build/web/META-INF" />
    <property name="run.test.classpath" value=":build/web/WEB-INF/classes:C:\Archivos de programa\NetBeans 6.0\java1\modules\ext\junit-3.8.2.jar:build/test/classes" />
    <property name="deployments.DeviceAnywhere.default.deployment.deviceanywhere.password" value="" />
    <property name="libs.swing-layout.javadoc" value="C:\Archivos de programa\NetBeans 6.0\platform7\docs\swing-layout-1.0.3-doc.zip" />
    <property name="deployments.Ftp.default.deployment.ftp.server" value="" />
    <property name="libs.swing-app-framework.javadoc" value="C:\Archivos de programa\NetBeans 6.0\java1\docs\appframework-1.0.3-doc.zip" />
    <property name="libs.proguard.classpath" value="C:\Archivos de programa\NetBeans 6.0\mobility8\external\proguard\proguard3.7.jar" />
    <property name="libs.DataBindingME-SVG.classpath" value="C:\Archivos de programa\NetBeans 6.0\mobility8\modules\ext\netbeans_databindingme_svg.jar" />
    <property name="https.nonProxyHosts" value="localhost|127.0.0.1|rC" />
    <property name="libs.PostgreSQLDriver.maven-pom" value="" />
    <property name="java.class.version" value="50.0" />
    <property name="libs.JAVADB_DRIVER_LABEL.classpath" value="C:\Archivos de programa\glassfish-v2\javadb\lib\derby.jar;C:\Archivos de programa\glassfish-v2\javadb\lib\derbyclient.jar;C:\Archivos de programa\glassfish-v2\javadb\lib\derbynet.jar" />
    <property name="deployments.Ftp.default.deployment.ftp.password" value="" />
    <property name="libs.cdc-ant-utils.classpath" value="C:\Archivos de programa\NetBeans 6.0\mobility8\modules\ext\org-netbeans-modules-j2me-cdc-project.jar" />
    <property name="netbeans.system_http_proxy" value="DIRECT" />
    <property name="libs.NetBeans MIDP Components WMA.maven-pom" value="" />
    <property name="user.properties.file" value="C:\Documents and Settings\Administrado\.netbeans\6.0\build.properties" />
    <property name="platforms.Sun_Java_TM__Wireless_Toolkit_2_5_2_for_CLDC.runcommandline" value="" />
    <property name="build.web.dir" value="build/web" />
    <property name="libs.javac-api.maven-pom" value="" />
    <property name="file.encoding.pkg" value="sun.io" />
    <property name="sun.cpu.endian" value="little" />
    <property name="deployments.Scp.default.deployment.scp.password" value="" />
    <property name="libs.ant-contrib.classpath" value="C:\Archivos de programa\NetBeans 6.0\mobility8\modules\ext\ant-contrib-1.0b3.jar" />
    <property name="deployment.DeviceAnywhere.scriptfile" value="C:\Archivos de programa\NetBeans 6.0\mobility8\modules\scr\deploy-deviceanywhere-impl.xml" />
    <property name="display.browser" value="true" />
    <property name="libs.jaxb21.src" value="" />
    <property name="libs.jsfsupport-designtime.classpath" value="C:\Archivos de programa\NetBeans 6.0\visualweb1\modules\ext\jsfcl.jar;C:\Archivos de programa\NetBeans 6.0\visualweb1\modules\ext\appbase.jar;C:\Archivos de programa\NetBeans 6.0\visualweb1\modules\ext\dataprovider.jar;C:\Archivos de programa\NetBeans 6.0\visualweb1\modules\ext\sqlx.jar" />
    <property name="version-output" value="java version &quot;1.6" />
    <property name="javadoc.preview" value="true" />
    <property name="nbplatform.default.harness.dir" value="C:\Archivos de programa\NetBeans 6.0/harness" />
    <property name="java.home" value="C:\Archivos de programa\Java\jdk1.6.0\jre" />
    <property name="libs.ricoh-ant-utils.src" value="" />
    <property name="copyfiles.classpath" value="C:\Archivos de programa\NetBeans 6.0\enterprise4\ant\extra\copyfiles.jar" />
    <property name="libs.ant-contrib.javadoc" value="" />
    <property name="debug.test.classpath" value=":build/web/WEB-INF/classes:C:\Archivos de programa\NetBeans 6.0\java1\modules\ext\junit-3.8.2.jar:build/test/classes" />
    <property name="netbeans.importclass" value="org.netbeans.upgrade.AutoUpgrade" />
    <property name="libs.webui-designtime.src" value="C:\Archivos de programa\NetBeans 6.0\visualweb1\docs\webui-src.zip" />
    <property name="org.openide.TopManager" value="org.netbeans.core.NonGui" />
    <property name="libs.savaje-ant-utils.classpath" value="C:\Archivos de programa\NetBeans 6.0\mobility8\modules\ext\org-netbeans-modules-j2me-cdc-project-savaje.jar" />
    <property name="libs.toplink.maven-pom" value="" />
    <property name="libs.DataBindingME.maven-pom" value="" />
    <property name="libs.PostgreSQLDriver.javadoc" value="" />
    <property name="libs.exceptionhandler-runtime.javadoc" value="" />
    <property name="libs.JMUnit4CLDC11.javadoc" value="C:\Archivos de programa\NetBeans 6.0\mobility8\modules\docs\jmunit-1.0.1-api.zip" />
    <property name="libs.nsicom-ant-utils.maven-pom" value="" />
    <property name="libs.jsfsupport-runtime.classpath" value="C:\Archivos de programa\NetBeans 6.0\visualweb1\modules\ext\jsfcl.jar;C:\Archivos de programa\NetBeans 6.0\visualweb1\modules\ext\appbase.jar;C:\Archivos de programa\NetBeans 6.0\visualweb1\modules\ext\dataprovider.jar;C:\Archivos de programa\NetBeans 6.0\visualweb1\modules\ext\sqlx.jar" />
    <property name="libs.MySQLDriver.maven-pom" value="" />
    <property name="j2ee.platform.wsgen.classpath" value="C:\Sun\AppServer\lib\webservices-tools.jar:C:\Sun\AppServer\lib\webservices-rt.jar:C:\Sun\AppServer\lib\tools.jar:C:\Sun\AppServer\lib\appserv-jstl.jar:C:\Sun\AppServer\lib\javaee.jar:C:\Sun\AppServer\lib\appserv-ws.jar:C:\Sun\AppServer\lib\mail.jar:C:\Sun\AppServer\lib\activation.jar" />
    <property name="libs.savaje-ant-utils.src" value="" />
    <property name="deployments.DeviceAnywhere.default.deployment.deviceanywhere.userid" value="" />
    <property name="deployment.NokiaDeployment.scriptfile" value="C:\Archivos de programa\NetBeans 6.0\mobility8\modules\scr\deploy-nokia-impl.xml" />
    <property name="http.nonProxyHosts" value="localhost|127.0.0.1|rC" />
    <property name="libs.junit_4.javadoc" value="" />
    <property name="libs.toplink.src" value="" />
    <property name="libs.cdc-pp-awt-layout.classpath" value="C:\Archivos de programa\NetBeans 6.0\mobility8\modules\ext\cdc-pp-awt-layout.jar" />
    <property name="libs.webui.javadoc" value="C:\Archivos de programa\NetBeans 6.0\visualweb1\docs\webui-doc.zip" />
    <property name="libs.cdc-agui-swing-layout.src" value="C:\Archivos de programa\NetBeans 6.0\mobility8\sources\cdc-agui-swing-layout-src.zip" />
    <property name="libs.jsf12-support.javadoc" value="C:\Archivos de programa\NetBeans 6.0\visualweb1\docs\appbase-doc.zip;C:\Archivos de programa\NetBeans 6.0\visualweb1\docs\dataprovider-doc.zip;C:\Archivos de programa\NetBeans 6.0\visualweb1\docs\jsfcl-doc.zip" />
    <property name="deployments.Scp.default.deployment.scp.server" value="" />
    <property name="libs.theme-default.runtime" value="C:\Archivos de programa\NetBeans 6.0\visualweb1\modules\ext\defaulttheme.jar" />
    <property name="libs.JMUnit4CLDC11.classpath" value="C:\Archivos de programa\NetBeans 6.0\mobility8\modules\ext\jmunit4cldc11-1.0.1.jar" />
    <property name="libs.nb_svg_midp_components.classpath" value="C:\Archivos de programa\NetBeans 6.0\mobility8\modules\ext\nb_svg_midp_components.jar" />
    <property name="libs.NetBeans MIDP Components PDA.classpath" value="C:\Archivos de programa\NetBeans 6.0\mobility8\modules\ext\netbeans_midp_components_pda.jar" />
    <property name="libs.semc-ant-utils.maven-pom" value="" />
    <property name="deployments.Ftp.default.deployment.ftp.passive" value="false" />
    <property name="libs.jdbcsupport-runtime.maven-pom" value="" />
    <property name="libs.nokiadeployment.maven-pom" value="" />
    <property name="libs.NetBeans MIDP Components.javadoc" value="C:\Archivos de programa\NetBeans 6.0\mobility8\modules\docs\netbeans_midp_components_basic-api.zip" />
    <property name="sun.management.compiler" value="HotSpot Client Compiler" />
    <property name="javac.deprecation" value="false" />
    <property name="javadoc.use" value="true" />
    <property name="libs.jdbcsupport-runtime.src" value="" />
    <property name="libs.jdbcsupport-designtime.maven-pom" value="" />
    <property name="libs.theme-default-gray.classpath" value="C:\Archivos de programa\NetBeans 6.0\visualweb1\modules\ext\defaulttheme-gray.jar" />
    <property name="client.urlPart" value="" />
    <property name="dist.ear.war" value="dist/HelloWebHw.war" />
    <property name="platforms.Sun_Java_TM__Wireless_Toolkit_2_5_2_for_CLDC.type" value="UEI-1.0.1" />
    <property name="javac.compilerargs" value="" />
    <property name="ant.file" value="E:\jp\J2EE Homeworks\2d LAB-4011 Using Netbeans for Developing Web Applications\HelloWebHw\build.xml" />
    <property name="libs.beans-binding.maven-pom" value="" />
    <property name="libs.jsf12.classpath" value="C:\Archivos de programa\NetBeans 6.0\enterprise4\modules\ext\jsf-1_2\commons-beanutils.jar;C:\Archivos de programa\NetBeans 6.0\enterprise4\modules\ext\jsf-1_2\commons-collections.jar;C:\Archivos de programa\NetBeans 6.0\enterprise4\modules\ext\jsf-1_2\commons-digester.jar;C:\Archivos de programa\NetBeans 6.0\enterprise4\modules\ext\jsf-1_2\commons-logging.jar;C:\Archivos de programa\NetBeans 6.0\enterprise4\modules\ext\jsf-1_2\jsf-api.jar;C:\Archivos de programa\NetBeans 6.0\enterprise4\modules\ext\jsf-1_2\jsf-impl.jar" />
    <property name="sun.awt.exception.handler" value="org.netbeans.core.startup.TopLogging$AWTHandler" />
    <property name="has.custom.manifest" value="true" />
    <property name="libs.beans-binding.src" value="" />
    <property name="libs.NetBeans MIDP Components PDA.javadoc" value="C:\Archivos de programa\NetBeans 6.0\mobility8\modules\docs\netbeans_midp_components_pda-api.zip" />
    <property name="java.vm.specification.vendor" value="Sun Microsystems Inc." />
    <property name="libs.DataBindingME-PIM.javadoc" value="C:\Archivos de programa\NetBeans 6.0\mobility8\modules\docs\netbeans_databindingme_pim-api.zip" />
    <property name="libs.swing-layout.src" value="C:\Archivos de programa\NetBeans 6.0\platform7\docs\swing-layout-1.0.3-src.zip" />
    <property name="libs.webui.src" value="C:\Archivos de programa\NetBeans 6.0\visualweb1\docs\webui-src.zip" />
    <property name="libs.j2me_ant_ext.src" value="" />
    <property name="org.openide.major.version" value="IDE/1" />
    <property name="java.vm.name" value="Java HotSpot(TM) Client VM" />
    <property name="netbeans.user" value="C:\Documents and Settings\Administrado\.netbeans\6.0" />
    <property name="javadoc.additionalparam" value="" />
    <property name="libs.ricoh-ant-utils.classpath" value="C:\Archivos de programa\NetBeans 6.0\mobility8\modules\ext\org-netbeans-modules-j2me-cdc-project-ricoh.jar;C:\Archivos de programa\NetBeans 6.0\mobility8\modules\ext\RicohAntTasks-2.0.jar;C:\Archivos de programa\NetBeans 6.0\mobility8\modules\ext\commons-httpclient-3.0.jar;C:\Archivos de programa\NetBeans 6.0\ide8\modules\ext\commons-logging-1.0.4.jar;C:\Archivos de programa\NetBeans 6.0\mobility8\modules\ext\commons-codec-1.3.jar" />
    <property name="java.io.tmpdir" value="C:\DOCUME~1\ADMINI~1\CONFIG~1\Temp\" />
    <property name="java.vendor.url" value="http://java.sun.com/" />
    <property name="j2ee.platform.wsit.classpath" value="" />
    <property name="compile.jsps" value="false" />
    <property name="jspc.classpath" value="C:\Archivos de programa\NetBeans 6.0\java1\ant\lib\ant.jar:C:\Archivos de programa\NetBeans 6.0\enterprise4\modules\ext\servlet2.5-jsp2.1-api.jar:C:\Sun\AppServer\lib\javaee.jar:C:\Sun\AppServer\lib\jsf-impl.jar:C:\Sun\AppServer\lib\activation.jar:C:\Sun\AppServer\lib\appserv-tags.jar:C:\Sun\AppServer\lib\mail.jar:C:\Sun\AppServer\lib\appserv-jstl.jar:C:\Sun\AppServer\lib\webservices-tools.jar:C:\Sun\AppServer\lib\webservices-rt.jar:C:\Sun\AppServer\lib\appserv-ws.jar:C:\Archivos de programa\NetBeans 6.0\enterprise4\modules\ext\glassfish-jspparser-2.0.jar:C:\Archivos de programa\NetBeans 6.0\enterprise4\modules\ext\glassfish-logging-2.0.jar:C:\Archivos de programa\NetBeans 6.0\ide8\modules\ext\commons-logging-1.0.4.jar:C:\Archivos de programa\NetBeans 6.0\java1\ant\lib\ant-launcher.jar" />
    <property name="deployments.NokiaDeployment.default.deployment.nokia.deploytoalldevices" value="yes" />
    <property name="deploy.ant.properties.file" value="C:\Documents and Settings\Administrado\.netbeans\6.0\glassfish_1.properties" />
    <property name="j2ee.platform.wscompile.classpath" value="C:\Sun\AppServer\lib\j2ee.jar:C:\Sun\AppServer\lib\saaj-api.jar:C:\Sun\AppServer\lib\saaj-impl.jar:C:\Sun\AppServer\lib\jaxrpc-api.jar:C:\Sun\AppServer\lib\jaxrpc-impl.jar:C:\Sun\AppServer\lib\endorsed\jaxp-api.jar:C:\Sun\AppServer\lib\appserv-ws.jar:C:\Sun\AppServer\lib\webservices-tools.jar:C:\Sun\AppServer\lib\webservices-rt.jar" />
    <property name="sun.boot.library.path" value="C:\Archivos de programa\Java\jdk1.6.0\jre\bin" />
    <property name="have.sources" value="true" />
    <property name="debug.classpath" value=":build/web/WEB-INF/classes" />
    <property name="libs.woodstock-theme-default.runtime" value="C:\Archivos de programa\NetBeans 6.0\visualweb1\modules\ext\webui-jsf-suntheme.jar" />
    <property name="war.name" value="HelloWebHw.war" />
    <property name="javadoc.private" value="false" />
    <property name="test.src.dir" value="test" />
    <property name="javadoc.encoding.used" value="Cp1252" />
    <property name="libs.DataBindingME-SVG.src" value="" />
    <property name="deployments.WebDAV.default.deployment.webdav.userid" value="" />
    <property name="java.runtime.name" value="Java(TM) SE Runtime Environment" />
    <property name="deployments.Scp.default.deployment.scp.usekeyfile" value="no" />
    <property name="ant.project.name" value="HelloWebHw" />
    <property name="netbeans.hash.code" value="unique=NB_CND_GLASSFISH_JAVA_MOB_RUBY_SOA_UML_WEBEE091198db9-76a8-4bd5-afef-f4a82bfad80e" />
    <property name="libs.jdbcsupport-designtime.javadoc" value="" />
    <property name="libs.j2me_ant_ext.maven-pom" value="" />
    <property name="sun.cpu.isalist" value="" />
    <property name="libs.CopyLibs.javadoc" value="" />
    <property name="libs.ActiveSync.javadoc" value="" />
    <property name="org.openide.specification.version" value="6.2" />
    <property name="libs.DataBindingME-PIM.classpath" value="C:\Archivos de programa\NetBeans 6.0\mobility8\modules\ext\netbeans_databindingme_pim.jar" />
    <property name="user.home" value="C:\Documents and Settings\Administrado" />
    <property name="libs.exceptionhandler-runtime.classpath" value="C:\Archivos de programa\NetBeans 6.0\visualweb1\modules\ext\errorhandler.jar" />
    <property name="debug-args-line" value="-Xdebug" />
    <property name="libs.NetBeans MIDP Components.classpath" value="C:\Archivos de programa\NetBeans 6.0\mobility8\modules\ext\netbeans_midp_components_basic.jar" />
    <property name="libs.CopyLibs.maven-pom" value="" />
    <property name="libs.absolutelayout.javadoc" value="" />
    <property name="java.specification.name" value="Java Platform API Specification" />
    <property name="libs.swing-app-framework.maven-pom" value="" />
    <property name="libs.webui.classpath" value="C:\Archivos de programa\NetBeans 6.0\visualweb1\modules\ext\webui.jar;C:\Archivos de programa\NetBeans 6.0\enterprise4\modules\ext\commons-fileupload-1.0.jar" />
    <property name="no.dist.ear.dir" value="true" />
    <property name="libs.NetBeans MIDP Components WMA.classpath" value="C:\Archivos de programa\NetBeans 6.0\mobility8\modules\ext\netbeans_midp_components_wma.jar" />
    <property name="libs.jakarta_slide_ant_webdav.maven-pom" value="" />
    <property name="libs.woodstock-components.classpath" value="C:\Archivos de programa\NetBeans 6.0\visualweb1\modules\ext\webui-jsf.jar;C:\Archivos de programa\NetBeans 6.0\enterprise4\modules\ext\commons-fileupload-1.0.jar;C:\Archivos de programa\NetBeans 6.0\visualweb1\modules\ext\json-2.jar;C:\Archivos de programa\NetBeans 6.0\visualweb1\modules\ext\prototype-1.5.0.jar;C:\Archivos de programa\NetBeans 6.0\visualweb1\modules\ext\dojo-0.9.0.jar;C:\Archivos de programa\NetBeans 6.0\visualweb1\modules\ext\jsf-extensions-common-0.1.jar;C:\Archivos de programa\NetBeans 6.0\visualweb1\modules\ext\jsf-extensions-dynamic-faces-0.1.jar" />
    <property name="libs.jdbcsupport-designtime.src" value="" />
    <property name="java.specification.vendor" value="Sun Microsystems Inc." />
    <property name="libs.cdc-agui-swing-layout.javadoc" value="" />
    <property name="libs.javac-api.classpath" value="C:\Archivos de programa\NetBeans 6.0\java1\modules\ext\javac-api.jar" />
    <property name="libs.nokiaS80-ant-utils.classpath" value="C:\Archivos de programa\NetBeans 6.0\mobility8\modules\ext\org-netbeans-modules-j2me-cdc-project-nokiaS80.jar" />
    <property name="java.version" value="1.6.0" />
    <property name="javadoc.version" value="false" />
    <property name="libs.NetBeans MIDP Components WMA.javadoc" value="C:\Archivos de programa\NetBeans 6.0\mobility8\modules\docs\netbeans_midp_components_wma-api.zip" />
    <property name="libs.MySQLDriver.javadoc" value="" />
    <property name="org.openide.version" value="deprecated" />
    <property name="source.encoding" value="Cp1252" />
    <property name="libs.ActiveSync.maven-pom" value="" />
    <property name="libs.junit.maven-pom" value="" />
    <property name="libs.jsf12-support.src" value="C:\Archivos de programa\NetBeans 6.0\visualweb1\docs\appbase-src.zip;C:\Archivos de programa\NetBeans 6.0\visualweb1\docs\dataprovider-src.zip;C:\Archivos de programa\NetBeans 6.0\visualweb1\docs\jsfcl-src.zip" />
    <property name="libs.struts.maven-pom" value="" />
    <property name="netbeans.home+have.tests" value="true" />
    <property name="libs.IdentityAntTasks.maven-pom" value="" />
    <property name="libs.cdc-ant-utils.src" value="" />
    <property name="deployment.Ftp.scriptfile" value="C:\Archivos de programa\NetBeans 6.0\mobility8\modules\scr\deploy-ftp-impl.xml" />
    <property name="libs.jaxb21.classpath" value="C:\Archivos de programa\NetBeans 6.0\java1\modules\ext\jaxws21\activation.jar;C:\Archivos de programa\NetBeans 6.0\java1\modules\ext\jaxws21\api\jaxb-api.jar;C:\Archivos de programa\NetBeans 6.0\java1\modules\ext\jaxws21\jaxb-impl.jar;C:\Archivos de programa\NetBeans 6.0\java1\modules\ext\jaxws21\jaxb-xjc.jar;C:\Archivos de programa\NetBeans 6.0\java1\modules\ext\jaxws21\api\jsr173_api.jar" />
    <property name="dist.javadoc.dir" value="dist/javadoc" />
    <property name="libs.swing-layout.classpath" value="C:\Archivos de programa\NetBeans 6.0\platform7\modules\ext\swing-layout-1.0.3.jar" />
    <property name="deployments.Ftp.default.deployment.ftp.port" value="21" />
    <property name="javac.source" value="1.4" />
    <property name="build.generated.dir" value="build/generated" />
    <property name="line.separator" value="
" />
    <property name="libs.proguard.src" value="" />
    <property name="java.specification.version" value="1.6" />
    <property name="libs.nb_svg_midp_components.javadoc" value="C:\Archivos de programa\NetBeans 6.0\mobility8\modules\docs\nb_svg_midp_components-api.zip" />
    <property name="java.vm.info" value="mixed mode, sharing" />
    <property name="libs.jaxws21.maven-pom" value="" />
    <property name="libs.cdc-ant-utils.javadoc" value="" />
    <property name="deployment.RicohDeployment.scriptfile" value="C:\Archivos de programa\NetBeans 6.0\mobility8\modules\scr\deploy-ricoh-impl.xml" />
    <property name="libs.jsf12-support.classpath" value="C:\Archivos de programa\NetBeans 6.0\visualweb1\modules\ext\jsfcl.jar;C:\Archivos de programa\NetBeans 6.0\visualweb1\modules\ext\appbase.jar;C:\Archivos de programa\NetBeans 6.0\visualweb1\modules\ext\dataprovider.jar;C:\Archivos de programa\NetBeans 6.0\visualweb1\modules\ext\sqlx.jar" />
    <property name="sun.boot.class.path" value="C:\Archivos de programa\Java\jdk1.6.0\jre\lib\resources.jar;C:\Archivos de programa\Java\jdk1.6.0\jre\lib\rt.jar;C:\Archivos de programa\Java\jdk1.6.0\jre\lib\sunrsasign.jar;C:\Archivos de programa\Java\jdk1.6.0\jre\lib\jsse.jar;C:\Archivos de programa\Java\jdk1.6.0\jre\lib\jce.jar;C:\Archivos de programa\Java\jdk1.6.0\jre\lib\charsets.jar;C:\Archivos de programa\Java\jdk1.6.0\jre\classes" />
    <property name="libs.woodstock-components.javadoc" value="C:\Archivos de programa\NetBeans 6.0\visualweb1\docs\webui-jsf-doc.zip;C:\Archivos de programa\NetBeans 6.0\visualweb1\docs\webui-jsf-tld.zip" />
    <property name="javac.target" value="1.4" />
    <property name="build.test.classes.dir" value="build/test/classes" />
    <property name="src.dir" value="src/java" />
    <property name="libs.IdentityAntTasks.javadoc" value="" />
    <property name="sun.awt.keepWorkingSetOnMinimize" value="true" />
    <property name="libs.proguard.maven-pom" value="" />
    <property name="libs.DataBindingME-SVG.maven-pom" value="" />
    <property name="libs.jsf12.src" value="" />
    <property name="libs.nokiadeployment.src" value="" />
    <property name="j2ee.platform" value="1.4" />
    <property name="libs.savaje-ant-utils.javadoc" value="" />
    <property name="libs.JAVADB_DRIVER_LABEL.maven-pom" value="" />
    <property name="nbplatform.default.netbeans.dest.dir" value="C:\Archivos de programa\NetBeans 6.0" />
    <property name="libs.struts.javadoc" value="C:\Archivos de programa\NetBeans 6.0\enterprise4\docs\struts-1.2.9-javadoc.zip" />
    <property name="platforms.Sun_Java_TM__Wireless_Toolkit_2_5_2_for_CLDC.debugcommandline" value="" />
    <property name="libs.cdc-ant-utils.maven-pom" value="" />
    <property name="web.docbase.dir" value="web" />
    <property name="libs.cdc-agui-swing-layout.classpath" value="C:\Archivos de programa\NetBeans 6.0\mobility8\modules\ext\cdc-agui-swing-layout.jar" />
    <property name="deployments.Ftp.default.deployment.ftp.separator" value="/" />
    <property name="libs.webui-designtime.classpath" value="C:\Archivos de programa\NetBeans 6.0\visualweb1\modules\ext\webui.jar;C:\Archivos de programa\NetBeans 6.0\enterprise4\modules\ext\commons-fileupload-1.0.jar" />
    <property name="dist.dir" value="dist" />
    <property name="deployments.NokiaDeployment.default.deployment.nokia.selecteddevices" value="" />
    <property name="libs.JMUnit4CLDC10.classpath" value="C:\Archivos de programa\NetBeans 6.0\mobility8\modules\ext\jmunit4cldc10-1.0.1.jar" />
    <property name="java.awt.printerjob" value="sun.awt.windows.WPrinterJob" />
    <property name="default.javac.source" value="1.6" />
    <property name="javac.compilerargs.jaxws" value="" />
    <property name="libs.MySQLDriver.src" value="" />
    <property name="sun.jnu.encoding" value="Cp1252" />
    <property name="deployment.Copy.scriptfile" value="C:\Archivos de programa\NetBeans 6.0\mobility8\modules\scr\deploy-copy-impl.xml" />
    <property name="libs.ant-contrib.maven-pom" value="" />
    <property name="libs.nokiadeployment.javadoc" value="" />
    <property name="libs.woodstock-components.src" value="C:\Archivos de programa\NetBeans 6.0\visualweb1\docs\webui-jsf-src.zip" />
    <property name="java.runtime.version" value="1.6.0-b105" />
    <property name="build.test.results.dir" value="build/test/results" />
    <property name="libs.NetBeans MIDP Components.src" value="C:\Archivos de programa\NetBeans 6.0\mobility8\sources\netbeans_midp_components_basic-src.zip" />
    <property name="do.tmp.war.package.with.custom.manifest" value="true" />
    <property name="default.javac.target" value="1.6" />
    <property name="libs.junit_4.classpath" value="C:\Archivos de programa\NetBeans 6.0\java1\modules\ext\junit-4.1.jar" />
    <property name="user.timezone" value="" />
    <property name="libs.jsfsupport-designtime.src" value="C:\Archivos de programa\NetBeans 6.0\visualweb1\docs\appbase-src.zip;C:\Archivos de programa\NetBeans 6.0\visualweb1\docs\dataprovider-src.zip;C:\Archivos de programa\NetBeans 6.0\visualweb1\docs\jsfcl-src.zip" />
    <property name="libs.ant-contrib.src" value="" />
    <property name="libs.JAVADB_DRIVER_LABEL.javadoc" value="" />
    <property name="netbeans.dirs" value="C:\Archivos de programa\NetBeans 6.0\nb6.0;C:\Archivos de programa\NetBeans 6.0\ide8;C:\Archivos de programa\NetBeans 6.0\java1;C:\Archivos de programa\NetBeans 6.0\xml1;C:\Archivos de programa\NetBeans 6.0\apisupport1;C:\Archivos de programa\NetBeans 6.0\enterprise4;C:\Archivos de programa\NetBeans 6.0\mobility8;C:\Archivos de programa\NetBeans 6.0\profiler2;C:\Archivos de programa\NetBeans 6.0\ruby1;C:\Archivos de programa\NetBeans 6.0\visualweb1;C:\Archivos de programa\NetBeans 6.0\soa1;C:\Archivos de programa\NetBeans 6.0\identity1;C:\Archivos de programa\NetBeans 6.0\uml4;C:\Archivos de programa\NetBeans 6.0\harness;C:\Archivos de programa\NetBeans 6.0\cnd1" />
    <property name="java.ext.dirs" value="C:\Archivos de programa\Java\jdk1.6.0\jre\lib\ext;C:\WINDOWS\Sun\Java\lib\ext" />
    <property name="libs.exceptionhandler-runtime.src" value="" />
    <property name="libs.savaje-ant-utils.maven-pom" value="" />
    <property name="libs.semc-ant-utils.src" value="" />
    <property name="libs.absolutelayout.classpath" value="C:\Archivos de programa\NetBeans 6.0\java1\modules\ext\AbsoluteLayout.jar" />
    <property name="libs.DataBindingME.javadoc" value="C:\Archivos de programa\NetBeans 6.0\mobility8\modules\docs\netbeans_databindingme-api.zip" />
    <property name="java.class.path" value="E:\jp\J2EE Homeworks\2d LAB-4011 Using Netbeans for Developing Web Applications\HelloWebHw\build\web\WEB-INF\classes;C:\Archivos de programa\NetBeans 6.0\java1\modules\ext\junit-3.8.2.jar;E:\jp\J2EE Homeworks\2d LAB-4011 Using Netbeans for Developing Web Applications\HelloWebHw\build\test\classes;C:\Sun\AppServer\lib\javaee.jar;C:\Sun\AppServer\lib\jsf-impl.jar;C:\Sun\AppServer\lib\activation.jar;C:\Sun\AppServer\lib\appserv-tags.jar;C:\Sun\AppServer\lib\mail.jar;C:\Sun\AppServer\lib\appserv-jstl.jar;C:\Sun\AppServer\lib\webservices-tools.jar;C:\Sun\AppServer\lib\webservices-rt.jar;C:\Sun\AppServer\lib\appserv-ws.jar;C:\Archivos de programa\NetBeans 6.0\java1\ant\lib\ant-launcher.jar;C:\Archivos de programa\NetBeans 6.0\java1\ant\lib\ant.jar;C:\Archivos de programa\NetBeans 6.0\java1\ant\lib\ant-junit.jar" />
    <property name="apple.laf.useScreenMenuBar" value="true" />
    <property name="libs.webui-designtime.javadoc" value="C:\Archivos de programa\NetBeans 6.0\visualweb1\docs\webui-doc.zip" />
    <property name="libs.absolutelayout.src" value="" />
    <property name="libs.cdc-pp-awt-layout.maven-pom" value="" />
    <property name="j2ee.server.type" value="J2EE" />
    <property name="os.version" value="5.1" />
    <property name="libs.JMUnit4CLDC11.maven-pom" value="" />
    <property name="libs.toplink.javadoc" value="C:\Archivos de programa\NetBeans 6.0\enterprise4\docs\javaee5-doc-api.zip" />
    <property name="deployments.Ftp.default.deployment.ftp.userid" value="" />
    <property name="sun.desktop" value="windows" />
    <property name="libs.nb_svg_midp_components.maven-pom" value="" />
    <property name="libs.ricoh-ant-utils.javadoc" value="" />
    <property name="libs.NetBeans MIDP Components PDA.maven-pom" value="" />
    <property name="war.content.additional" value="" />
    <property name="libs.beans-binding.javadoc" value="C:\Archivos de programa\NetBeans 6.0\java1\docs\beansbinding-1.2.1-doc.zip" />
    <property name="rave.version" value="2.0.0" />
    <property name="java.awt.graphicsenv" value="sun.awt.Win32GraphicsEnvironment" />
    <property name="java.vm.vendor" value="Sun Microsystems Inc." />
    <property name="libs.CopyLibs.classpath" value="C:\Archivos de programa\NetBeans 6.0\java1\ant\extra\org-netbeans-modules-java-j2seproject-copylibstask.jar" />
    <property name="deployment.SonnyEricsson.scriptfile" value="C:\Archivos de programa\NetBeans 6.0\mobility8\modules\scr\deploy-sonyericsson-impl.xml" />
    <property name="jaxws.endorsed.dir" value="C:\Archivos de programa\NetBeans 6.0\java1\modules\ext\jaxws21\api" />
    <property name="libs.DataBindingME-PIM.src" value="" />
    <property name="libs.PostgreSQLDriver.classpath" value="C:\Archivos de programa\NetBeans 6.0\ide8\modules\ext\postgresql-8.2-506.jdbc3.jar" />
    <property name="libs.jsf12.maven-pom" value="" />
    <property name="ant.file.HelloWebHw" value="E:\jp\J2EE Homeworks\2d LAB-4011 Using Netbeans for Developing Web Applications\HelloWebHw\build.xml" />
    <property name="libs.junit.src" value="" />
    <property name="build.dir" value="build" />
    <property name="libs.CopyLibs.src" value="" />
    <property name="j2ee.platform.is.jsr109" value="true" />
    <property name="ant.version" value="Apache Ant version 1.7.0 compiled on December 13 2006" />
    <property name="file.encoding" value="Cp1252" />
    <property name="build.classes.excludes" value="**/*.java,**/*.form" />
    <property name="javadoc.nonavbar" value="false" />
    <property name="deployments.Scp.default.deployment.scp.passphrase" value="" />
    <property name="platform.active" value="default_platform" />
    <property name="awt.toolkit" value="sun.awt.windows.WToolkit" />
    <property name="war.ear.name" value="HelloWebHw.war" />
  </properties>
  <testcase classname="org.me.hello.NameHandlerTest" name="testGetName" time="0.0">
    <failure message="expected:&lt;&gt; but was:&lt;null&gt;" type="junit.framework.ComparisonFailure">junit.framework.ComparisonFailure: expected:&lt;&gt; but was:&lt;null&gt;
	at org.me.hello.NameHandlerTest.testGetName(NameHandlerTest.java:36)
</failure>
  </testcase>
  <testcase classname="org.me.hello.NameHandlerTest" name="testSetName" time="0.0" />
  <testcase classname="org.me.hello.NameHandlerTest" name="testAddNumbers" time="0.0" />
  <testcase classname="org.me.hello.NameHandlerTest" name="testComparteTwoNamesIgnoringCases" time="0.0">
    <failure message="expected:&lt;0&gt; but was:&lt;14&gt;" type="junit.framework.AssertionFailedError">junit.framework.AssertionFailedError: expected:&lt;0&gt; but was:&lt;14&gt;
	at org.me.hello.NameHandlerTest.testComparteTwoNamesIgnoringCases(NameHandlerTest.java:78)
</failure>
  </testcase>
  <system-out><![CDATA[getName
setName
addNumbers
comparteTwoNamesIgnoringCases
]]></system-out>
  <system-err><![CDATA[]]></system-err>
</testsuite>
