<?xml version="1.0" encoding="UTF-8" ?>
<testsuite errors="0" failures="0" hostname="rCpC" name="sample.UtilsJUnit3Test" tests="3" time="1.062" timestamp="2009-12-01T05:46:52">
  <properties>
    <property name="default.javac.source" value="1.6" />
    <property name="file.encoding.pkg" value="sun.io" />
    <property name="libs.toplink.maven-pom" value="" />
    <property name="javac.source" value="1.5" />
    <property name="netbeans.system_http_proxy" value="DIRECT" />
    <property name="java.home" value="C:\Archivos de programa\Java\jdk1.6.0\jre" />
    <property name="test.src.dir" value="test" />
    <property name="libs.jaxws21.src" value="" />
    <property name="javadoc.version" value="false" />
    <property name="libs.CopyLibs.classpath" value="C:\Archivos de programa\NetBeans 6.5\java2\ant\extra\org-netbeans-modules-java-j2seproject-copylibstask.jar" />
    <property name="libs.javac-api.src" value="" />
    <property name="java.endorsed.dirs" value="C:\Archivos de programa\Java\jdk1.6.0\jre\lib\endorsed" />
    <property name="libs.MySQLDriver.classpath" value="C:\Archivos de programa\NetBeans 6.5\ide10\modules\ext\mysql-connector-java-5.1.6-bin.jar" />
    <property name="libs.jaxb.javadoc" value="" />
    <property name="libs.junit.maven-pom" value="" />
    <property name="libs.PostgreSQLDriver.src" value="" />
    <property name="src.dir" value="src" />
    <property name="sun.java2d.noddraw" value="true" />
    <property name="nbplatform.default.harness.dir" value="C:\Archivos de programa\NetBeans 6.5/harness" />
    <property name="debug-args-line" value="-Xdebug" />
    <property name="build.sysclasspath" value="ignore" />
    <property name="have.sources" value="true" />
    <property name="includes" value="**" />
    <property name="source.encoding" value="UTF-8" />
    <property name="libs.jaxws21.classpath" value="C:\Archivos de programa\NetBeans 6.5\ide10\modules\ext\jaxb\activation.jar;C:\Archivos de programa\NetBeans 6.5\ide10\modules\ext\jaxb\api\jaxb-api.jar;C:\Archivos de programa\NetBeans 6.5\ide10\modules\ext\jaxb\jaxb-impl.jar;C:\Archivos de programa\NetBeans 6.5\ide10\modules\ext\jaxb\jaxb-xjc.jar;C:\Archivos de programa\NetBeans 6.5\ide10\modules\ext\jaxb\api\jsr173_api.jar;C:\Archivos de programa\NetBeans 6.5\java2\modules\ext\jaxws21\FastInfoset.jar;C:\Archivos de programa\NetBeans 6.5\java2\modules\ext\jaxws21\http.jar;C:\Archivos de programa\NetBeans 6.5\java2\modules\ext\jaxws21\api\jaxws-api.jar;C:\Archivos de programa\NetBeans 6.5\java2\modules\ext\jaxws21\jaxws-rt.jar;C:\Archivos de programa\NetBeans 6.5\java2\modules\ext\jaxws21\jaxws-tools.jar;C:\Archivos de programa\NetBeans 6.5\java2\modules\ext\jaxws21\api\jsr181-api.jar;C:\Archivos de programa\NetBeans 6.5\java2\modules\ext\jaxws21\api\jsr250-api.jar;C:\Archivos de programa\NetBeans 6.5\java2\modules\ext\jaxws21\mimepull.jar;C:\Archivos de programa\NetBeans 6.5\java2\modules\ext\jaxws21\resolver.jar;C:\Archivos de programa\NetBeans 6.5\java2\modules\ext\jaxws21\api\saaj-api.jar;C:\Archivos de programa\NetBeans 6.5\java2\modules\ext\jaxws21\saaj-impl.jar;C:\Archivos de programa\NetBeans 6.5\java2\modules\ext\jaxws21\sjsxp.jar;C:\Archivos de programa\NetBeans 6.5\java2\modules\ext\jaxws21\stax-ex.jar;C:\Archivos de programa\NetBeans 6.5\java2\modules\ext\jaxws21\streambuffer.jar" />
    <property name="libs.swing-app-framework.javadoc" value="C:\Archivos de programa\NetBeans 6.5\java2\docs\appframework-1.0.3-doc.zip" />
    <property name="sun.os.patch.level" value="Service Pack 2" />
    <property name="java.vendor.url" value="http://java.sun.com/" />
    <property name="java.version" value="1.6.0" />
    <property name="nb.show.statistics.ui" value="usageStatisticsEnabled" />
    <property name="javac.debug" value="true" />
    <property name="org.openide.major.version" value="IDE/1" />
    <property name="run.classpath" value=":build/classes" />
    <property name="libs.PostgreSQLDriver.maven-pom" value="" />
    <property name="java.vendor.url.bug" value="http://java.sun.com/cgi-bin/bugreport.cgi" />
    <property name="libs.absolutelayout.javadoc" value="" />
    <property name="libs.junit_4.maven-pom" value="" />
    <property name="netbeans.buildnumber" value="200811100001" />
    <property name="libs.swing-app-framework.maven-pom" value="" />
    <property name="user.name" value="rC" />
    <property name="sun.io.unicode.encoding" value="UnicodeLittle" />
    <property name="sun.jnu.encoding" value="Cp1252" />
    <property name="java.runtime.name" value="Java(TM) SE Runtime Environment" />
    <property name="jdk.home" value="C:\Archivos de programa\Java\jdk1.6.0" />
    <property name="sun.awt.keepWorkingSetOnMinimize" value="true" />
    <property name="org.openide.TopManager" value="org.netbeans.core.NonGui" />
    <property name="netbeans.dirs" value="C:\Archivos de programa\NetBeans 6.5\nb6.5;C:\Archivos de programa\NetBeans 6.5\ide10;C:\Archivos de programa\NetBeans 6.5\java2;C:\Archivos de programa\NetBeans 6.5\apisupport1;C:\Archivos de programa\NetBeans 6.5\websvccommon1;C:\Archivos de programa\NetBeans 6.5\profiler3;C:\Archivos de programa\NetBeans 6.5\gsf1;C:\Archivos de programa\NetBeans 6.5\harness" />
    <property name="java.specification.name" value="Java Platform API Specification" />
    <property name="javadoc.author" value="false" />
    <property name="libs.hibernate-support.javadoc" value="" />
    <property name="user.timezone" value="" />
    <property name="netbeans.system_http_non_proxy_hosts" value="" />
    <property name="libs.spring-framework.maven-pom" value="" />
    <property name="libs.swing-layout.maven-pom" value="" />
    <property name="libs.junit.javadoc" value="C:\Archivos de programa\NetBeans 6.5\java2\docs\junit-3.8.2-api.zip" />
    <property name="org.openide.specification.version" value="6.2" />
    <property name="path.separator" value=";" />
    <property name="version-output" value="java version &quot;1.6" />
    <property name="libs.ejb3-persistence.src" value="" />
    <property name="libs.absolutelayout.classpath" value="C:\Archivos de programa\NetBeans 6.5\java2\modules\ext\AbsoluteLayout.jar" />
    <property name="libs.jaxb.maven-pom" value="" />
    <property name="netbeans.accept_license_class" value="org.netbeans.license.AcceptLicense" />
    <property name="file.encoding" value="Cp1252" />
    <property name="dist.javadoc.dir" value="dist/javadoc" />
    <property name="libs.hibernate-persistence.javadoc" value="" />
    <property name="libs.ejb3-persistence.classpath" value="C:\Archivos de programa\NetBeans 6.5\java2\modules\ext\hibernate\ejb3-persistence.jar" />
    <property name="https.nonProxyHosts" value="localhost|127.0.0.1|rCpC" />
    <property name="libs.junit.src" value="" />
    <property name="ant.file" value="E:\NetBeans_Projects\JUnit-Sample\build.xml" />
    <property name="libs.junit_4.src" value="C:\Archivos de programa\NetBeans 6.5\java2\docs\junit-4.5-src.jar" />
    <property name="java.io.tmpdir" value="C:\WINDOWS\Temp\" />
    <property name="build.test.results.dir" value="build/test/results" />
    <property name="user.language" value="en" />
    <property name="line.separator" value="
" />
    <property name="apple.laf.useScreenMenuBar" value="true" />
    <property name="libs.absolutelayout.src" value="" />
    <property name="javac.compilerargs" value="" />
    <property name="libs.hibernate-support.maven-pom" value="" />
    <property name="jar.compress" value="false" />
    <property name="debug-transport-by-os" value="dt_shmem" />
    <property name="libs.JWSAntTasks.src" value="" />
    <property name="javac.compilerargs.jaxws" value="" />
    <property name="libs.hibernate-persistence.maven-pom" value="" />
    <property name="java.vm.info" value="mixed mode, sharing" />
    <property name="libs.javac-api.maven-pom" value="" />
    <property name="javadoc.private" value="false" />
    <property name="sun.desktop" value="windows" />
    <property name="build.test.classes.dir" value="build/test/classes" />
    <property name="java.vm.specification.name" value="Java Virtual Machine Specification" />
    <property name="libs.jaxb.src" value="" />
    <property name="jaxws.endorsed.dir" value="C:\Archivos de programa\NetBeans 6.5\java2\modules\ext\jaxws21\api:C:\Archivos de programa\NetBeans 6.5\ide10\modules\ext\jaxb\api" />
    <property name="libs.MySQLDriver.javadoc" value="" />
    <property name="netbeans.dynamic.classpath" value="C:\Archivos de programa\NetBeans 6.5\platform9\core\core.jar;C:\Archivos de programa\NetBeans 6.5\platform9\core\org-openide-filesystems.jar;C:\Archivos de programa\NetBeans 6.5\platform9\core\locale\core_ja.jar;C:\Archivos de programa\NetBeans 6.5\platform9\core\locale\core_pt_BR.jar;C:\Archivos de programa\NetBeans 6.5\platform9\core\locale\core_zh_CN.jar;C:\Archivos de programa\NetBeans 6.5\platform9\core\locale\org-openide-filesystems_ja.jar;C:\Archivos de programa\NetBeans 6.5\platform9\core\locale\org-openide-filesystems_pt_BR.jar;C:\Archivos de programa\NetBeans 6.5\platform9\core\locale\org-openide-filesystems_zh_CN.jar;C:\Archivos de programa\NetBeans 6.5\nb6.5\core\org-netbeans-upgrader.jar;C:\Archivos de programa\NetBeans 6.5\nb6.5\core\locale\core_nb.jar;C:\Archivos de programa\NetBeans 6.5\nb6.5\core\locale\core_nb_ja.jar;C:\Archivos de programa\NetBeans 6.5\nb6.5\core\locale\core_nb_pt_BR.jar;C:\Archivos de programa\NetBeans 6.5\nb6.5\core\locale\core_nb_zh_CN.jar;C:\Archivos de programa\NetBeans 6.5\nb6.5\core\locale\org-netbeans-upgrader_ja.jar;C:\Archivos de programa\NetBeans 6.5\nb6.5\core\locale\org-netbeans-upgrader_pt_BR.jar;C:\Archivos de programa\NetBeans 6.5\nb6.5\core\locale\org-netbeans-upgrader_zh_CN.jar" />
    <property name="libs.beans-binding.javadoc" value="C:\Archivos de programa\NetBeans 6.5\java2\docs\beansbinding-1.2.1-doc.zip" />
    <property name="platform.active" value="default_platform" />
    <property name="http.nonProxyHosts" value="localhost|127.0.0.1|rCpC" />
    <property name="libs.junit_4.javadoc" value="C:\Archivos de programa\NetBeans 6.5\java2\docs\junit-4.5-api.zip" />
    <property name="libs.spring-framework.src" value="" />
    <property name="libs.beans-binding.maven-pom" value="" />
    <property name="javadoc.encoding" value="UTF-8" />
    <property name="java.awt.printerjob" value="sun.awt.windows.WPrinterJob" />
    <property name="dist.jar" value="dist/JUnit-Sample.jar" />
    <property name="meta.inf.dir" value="src/META-INF" />
    <property name="ant.version" value="Apache Ant version 1.7.1 compiled on June 27 2008" />
    <property name="netbeans.home" value="C:\Archivos de programa\NetBeans 6.5\platform9" />
    <property name="javadoc.nonavbar" value="false" />
    <property name="user.properties.file" value="C:\Documents and Settings\rC\.netbeans\6.5\build.properties" />
    <property name="libs.JWSAntTasks.classpath" value="C:\Archivos de programa\NetBeans 6.5\java2\ant\extra\org-netbeans-modules-javawebstart-anttasks.jar" />
    <property name="libs.toplink.classpath" value="C:\Archivos de programa\NetBeans 6.5\java2\modules\ext\toplink\toplink-essentials.jar;C:\Archivos de programa\NetBeans 6.5\java2\modules\ext\toplink\toplink-essentials-agent.jar" />
    <property name="netbeans.importclass" value="org.netbeans.upgrade.AutoUpgrade" />
    <property name="libs.spring-framework.javadoc" value="" />
    <property name="libs.CopyLibs.maven-pom" value="" />
    <property name="useJavaUtilZip" value="true" />
    <property name="build.generated.dir" value="build/generated" />
    <property name="netbeans.home+have.tests" value="true" />
    <property name="org.glassfish.v3.installRoot" value="C:\Archivos de programa\sges-v3-prelude" />
    <property name="os.name" value="Windows XP" />
    <property name="java.specification.vendor" value="Sun Microsystems Inc." />
    <property name="run.test.classpath" value=":build/classes:C:\Archivos de programa\NetBeans 6.5\java2\modules\ext\junit-3.8.2.jar:build/test/classes" />
    <property name="java.vm.name" value="Java HotSpot(TM) Client VM" />
    <property name="libs.CopyLibs.src" value="" />
    <property name="org.openide.version" value="deprecated" />
    <property name="libs.junit.classpath" value="C:\Archivos de programa\NetBeans 6.5\java2\modules\ext\junit-3.8.2.jar" />
    <property name="libs.beans-binding.src" value="" />
    <property name="java.library.path" value="C:\Archivos de programa\Java\jdk1.6.0\jre\bin;.;C:\WINDOWS\Sun\Java\bin;C:\WINDOWS\system32;C:\WINDOWS;C:\Archivos de programa\PC Connectivity Solution\;C:\WINDOWS\system32;C:\WINDOWS;C:\WINDOWS\System32\Wbem;C:\Archivos de programa\Microsoft SQL Server\80\Tools\Binn\;C:\Archivos de programa\Microsoft SQL Server\90\DTS\Binn\;C:\Archivos de programa\Microsoft SQL Server\90\Tools\binn\;C:\Archivos de programa\Microsoft SQL Server\90\Tools\Binn\VSShell\Common7\IDE\;C:\Archivos de programa\Microsoft Visual Studio 8\Common7\IDE\PrivateAssemblies\;C:\Archivos de programa\pl\bin\;C:\Archivos de programa\Java\jdk1.6.0\lib\tools.jar;C:\Archivos de programa\Java\jdk1.6.0\jre\lib\rt.jar;C:\Archivos de programa\pl\bin;C:\Archivos de programa\pl\lib\jpl.jar;" />
    <property name="libs.PostgreSQLDriver.javadoc" value="" />
    <property name="libs.toplink.javadoc" value="" />
    <property name="ant.java.version" value="1.6" />
    <property name="basedir" value="E:\NetBeans_Projects\JUnit-Sample" />
    <property name="javadoc.noindex" value="false" />
    <property name="java.class.version" value="50.0" />
    <property name="sun.awt.exception.handler" value="org.netbeans.core.startup.TopLogging$AWTHandler" />
    <property name="javac.test.classpath" value=":build/classes:C:\Archivos de programa\NetBeans 6.5\java2\modules\ext\junit-3.8.2.jar" />
    <property name="ant.home" value="C:\Archivos de programa\NetBeans 6.5\java2\ant" />
    <property name="libs.hibernate-persistence.src" value="" />
    <property name="javadoc.splitindex" value="true" />
    <property name="libs.toplink.src" value="" />
    <property name="libs.javac-api.javadoc" value="" />
    <property name="javadoc.preview" value="true" />
    <property name="libs.MySQLDriver.maven-pom" value="" />
    <property name="libs.CopyLibs.javadoc" value="" />
    <property name="libs.PostgreSQLDriver.classpath" value="C:\Archivos de programa\NetBeans 6.5\ide10\modules\ext\postgresql-8.3-603.jdbc3.jar" />
    <property name="libs.jaxws21.maven-pom" value="" />
    <property name="libs.junit_4.classpath" value="C:\Archivos de programa\NetBeans 6.5\platform9\modules\ext\junit-4.5.jar" />
    <property name="sun.boot.library.path" value="C:\Archivos de programa\Java\jdk1.6.0\jre\bin" />
    <property name="build.dir" value="build" />
    <property name="sun.management.compiler" value="HotSpot Client Compiler" />
    <property name="libs.swing-app-framework.classpath" value="C:\Archivos de programa\NetBeans 6.5\java2\modules\ext\appframework-1.0.3.jar;C:\Archivos de programa\NetBeans 6.5\java2\modules\ext\swing-worker-1.1.jar" />
    <property name="libs.ejb3-persistence.javadoc" value="" />
    <property name="user.variant" value="" />
    <property name="java.awt.graphicsenv" value="sun.awt.Win32GraphicsEnvironment" />
    <property name="javadoc.encoding.used" value="UTF-8" />
    <property name="javadoc.windowtitle" value="" />
    <property name="libs.hibernate-support.src" value="" />
    <property name="run.jvmargs" value="" />
    <property name="build.compiler.emacs" value="true" />
    <property name="ant.project.name" value="JUnit-Sample" />
    <property name="libs.spring-framework.classpath" value="C:\Archivos de programa\NetBeans 6.5\ide10\modules\ext\commons-logging-1.1.jar;C:\Archivos de programa\NetBeans 6.5\java2\modules\ext\cglib-2.2.jar;C:\Archivos de programa\NetBeans 6.5\java2\modules\ext\spring\spring-2.5.jar" />
    <property name="libs.swing-layout.classpath" value="C:\Archivos de programa\NetBeans 6.5\platform9\modules\ext\swing-layout-1.0.3.jar" />
    <property name="java.vm.specification.version" value="1.0" />
    <property name="ant.file.JUnit-Sample-impl" value="E:\NetBeans_Projects\JUnit-Sample\nbproject\build-impl.xml" />
    <property name="libs.jaxb.classpath" value="C:\Archivos de programa\NetBeans 6.5\ide10\modules\ext\jaxb\activation.jar;C:\Archivos de programa\NetBeans 6.5\ide10\modules\ext\jaxb\api\jaxb-api.jar;C:\Archivos de programa\NetBeans 6.5\ide10\modules\ext\jaxb\jaxb-impl.jar;C:\Archivos de programa\NetBeans 6.5\ide10\modules\ext\jaxb\jaxb-xjc.jar;C:\Archivos de programa\NetBeans 6.5\ide10\modules\ext\jaxb\api\jsr173_api.jar" />
    <property name="work.dir" value="E:\NetBeans_Projects\JUnit-Sample" />
    <property name="awt.toolkit" value="sun.awt.windows.WToolkit" />
    <property name="javadoc.use" value="true" />
    <property name="sun.cpu.isalist" value="" />
    <property name="java.ext.dirs" value="C:\Archivos de programa\Java\jdk1.6.0\jre\lib\ext;C:\WINDOWS\Sun\Java\lib\ext" />
    <property name="os.version" value="5.1" />
    <property name="excludes" value="" />
    <property name="user.home" value="C:\Documents and Settings\rC" />
    <property name="org.xml.sax.driver" value="com.sun.org.apache.xerces.internal.jaxp.SAXParserImpl$JAXPSAXParser" />
    <property name="java.vm.vendor" value="Sun Microsystems Inc." />
    <property name="libs.absolutelayout.maven-pom" value="" />
    <property name="org.openide.TopManager.GUI" value="true" />
    <property name="user.dir" value="E:\NetBeans_Projects\JUnit-Sample" />
    <property name="debug-transport" value="dt_shmem" />
    <property name="libs.ejb3-persistence.maven-pom" value="" />
    <property name="application.args" value="" />
    <property name="sun.cpu.endian" value="little" />
    <property name="ant.file.JUnit-Sample" value="E:\NetBeans_Projects\JUnit-Sample\build.xml" />
    <property name="compile.on.save" value="true" />
    <property name="libs.hibernate-support.classpath" value="C:\Archivos de programa\NetBeans 6.5\java2\modules\ext\hibernate\antlr-2.7.6.jar;C:\Archivos de programa\NetBeans 6.5\java2\modules\ext\hibernate\asm.jar;C:\Archivos de programa\NetBeans 6.5\java2\modules\ext\hibernate\asm-attrs.jar;C:\Archivos de programa\NetBeans 6.5\java2\modules\ext\hibernate\cglib-2.1.3.jar;C:\Archivos de programa\NetBeans 6.5\java2\modules\ext\hibernate\commons-collections-2.1.1.jar;C:\Archivos de programa\NetBeans 6.5\ide10\modules\ext\commons-logging-1.1.jar;C:\Archivos de programa\NetBeans 6.5\java2\modules\ext\hibernate\dom4j-1.6.1.jar;C:\Archivos de programa\NetBeans 6.5\java2\modules\ext\hibernate\ehcache-1.2.3.jar;C:\Archivos de programa\NetBeans 6.5\java2\modules\ext\hibernate\jdbc2_0-stdext.jar;C:\Archivos de programa\NetBeans 6.5\java2\modules\ext\hibernate\jta.jar;C:\Archivos de programa\NetBeans 6.5\java2\modules\ext\hibernate\hibernate3.jar;C:\Archivos de programa\NetBeans 6.5\java2\modules\ext\hibernate\hibernate-tools.jar;C:\Archivos de programa\NetBeans 6.5\java2\modules\ext\hibernate\hibernate-annotations.jar;C:\Archivos de programa\NetBeans 6.5\java2\modules\ext\hibernate\hibernate-commons-annotations.jar;C:\Archivos de programa\NetBeans 6.5\java2\modules\ext\hibernate\hibernate-entitymanager.jar;C:\Archivos de programa\NetBeans 6.5\java2\modules\ext\hibernate\javassist.jar" />
    <property name="java.vm.version" value="1.6.0-b105" />
    <property name="libs.MySQLDriver.src" value="" />
    <property name="libs.hibernate-persistence.classpath" value="C:\Archivos de programa\NetBeans 6.5\java2\modules\ext\hibernate\antlr-2.7.6.jar;C:\Archivos de programa\NetBeans 6.5\java2\modules\ext\hibernate\asm.jar;C:\Archivos de programa\NetBeans 6.5\java2\modules\ext\hibernate\asm-attrs.jar;C:\Archivos de programa\NetBeans 6.5\java2\modules\ext\hibernate\cglib-2.1.3.jar;C:\Archivos de programa\NetBeans 6.5\java2\modules\ext\hibernate\commons-collections-2.1.1.jar;C:\Archivos de programa\NetBeans 6.5\ide10\modules\ext\commons-logging-1.1.jar;C:\Archivos de programa\NetBeans 6.5\java2\modules\ext\hibernate\dom4j-1.6.1.jar;C:\Archivos de programa\NetBeans 6.5\java2\modules\ext\hibernate\ehcache-1.2.3.jar;C:\Archivos de programa\NetBeans 6.5\java2\modules\ext\hibernate\jdbc2_0-stdext.jar;C:\Archivos de programa\NetBeans 6.5\java2\modules\ext\hibernate\jta.jar;C:\Archivos de programa\NetBeans 6.5\java2\modules\ext\hibernate\hibernate3.jar;C:\Archivos de programa\NetBeans 6.5\java2\modules\ext\hibernate\hibernate-tools.jar;C:\Archivos de programa\NetBeans 6.5\java2\modules\ext\hibernate\hibernate-annotations.jar;C:\Archivos de programa\NetBeans 6.5\java2\modules\ext\hibernate\hibernate-commons-annotations.jar;C:\Archivos de programa\NetBeans 6.5\java2\modules\ext\hibernate\hibernate-entitymanager.jar;C:\Archivos de programa\NetBeans 6.5\java2\modules\ext\hibernate\javassist.jar;C:\Archivos de programa\NetBeans 6.5\java2\modules\ext\hibernate\ejb3-persistence.jar" />
    <property name="java.class.path" value="E:\NetBeans_Projects\JUnit-Sample\build\classes;C:\Archivos de programa\NetBeans 6.5\java2\modules\ext\junit-3.8.2.jar;E:\NetBeans_Projects\JUnit-Sample\build\test\classes;C:\Archivos de programa\NetBeans 6.5\java2\ant\lib\ant-launcher.jar;C:\Archivos de programa\NetBeans 6.5\java2\ant\lib\ant.jar;C:\Archivos de programa\NetBeans 6.5\java2\ant\patches\72080.jar" />
    <property name="os.arch" value="x86" />
    <property name="javac.deprecation" value="false" />
    <property name="nbplatform.default.netbeans.dest.dir" value="C:\Archivos de programa\NetBeans 6.5" />
    <property name="build.classes.excludes" value="**/*.java,**/*.form" />
    <property name="dist.dir" value="dist" />
    <property name="debug.classpath" value=":build/classes" />
    <property name="netbeans.user" value="C:\Documents and Settings\rC\.netbeans\6.5" />
    <property name="sun.java.launcher" value="SUN_STANDARD" />
    <property name="ant.core.lib" value="C:\Archivos de programa\NetBeans 6.5\java2\ant\lib\ant.jar" />
    <property name="com.sun.aas.installRoot" value="C:\Sun\AppServer" />
    <property name="java.vm.specification.vendor" value="Sun Microsystems Inc." />
    <property name="do.depend" value="false" />
    <property name="file.separator" value="\" />
    <property name="java.runtime.version" value="1.6.0-b105" />
    <property name="sun.boot.class.path" value="C:\Archivos de programa\Java\jdk1.6.0\jre\lib\resources.jar;C:\Archivos de programa\Java\jdk1.6.0\jre\lib\rt.jar;C:\Archivos de programa\Java\jdk1.6.0\jre\lib\sunrsasign.jar;C:\Archivos de programa\Java\jdk1.6.0\jre\lib\jsse.jar;C:\Archivos de programa\Java\jdk1.6.0\jre\lib\jce.jar;C:\Archivos de programa\Java\jdk1.6.0\jre\lib\charsets.jar;C:\Archivos de programa\Java\jdk1.6.0\jre\classes" />
    <property name="debug.test.classpath" value=":build/classes:C:\Archivos de programa\NetBeans 6.5\java2\modules\ext\junit-3.8.2.jar:build/test/classes" />
    <property name="libs.beans-binding.classpath" value="C:\Archivos de programa\NetBeans 6.5\java2\modules\ext\beansbinding-1.2.1.jar" />
    <property name="have.tests" value="true" />
    <property name="libs.JWSAntTasks.maven-pom" value="" />
    <property name="java.util.logging.config.class" value="org.netbeans.core.startup.TopLogging" />
    <property name="libs.javac-api.classpath" value="C:\Archivos de programa\NetBeans 6.5\java2\modules\ext\javac-api-nb-7.0-b07.jar" />
    <property name="user.country" value="US" />
    <property name="javadoc.notree" value="false" />
    <property name="libs.jaxws21.javadoc" value="C:\Archivos de programa\NetBeans 6.5\java2\docs\jaxws-2_1-api-doc.zip" />
    <property name="default.javac.target" value="1.6" />
    <property name="javac.classpath" value="" />
    <property name="javadoc.additionalparam" value="" />
    <property name="build.classes.dir" value="build/classes" />
    <property name="libs.swing-layout.src" value="C:\Archivos de programa\NetBeans 6.5\platform9\docs\swing-layout-1.0.3-src.zip" />
    <property name="libs.swing-layout.javadoc" value="C:\Archivos de programa\NetBeans 6.5\platform9\docs\swing-layout-1.0.3-doc.zip" />
    <property name="java.vendor" value="Sun Microsystems Inc." />
    <property name="javac.target" value="1.5" />
    <property name="libs.swing-app-framework.src" value="" />
    <property name="java.specification.version" value="1.6" />
    <property name="libs.JWSAntTasks.javadoc" value="" />
    <property name="sun.arch.data.model" value="32" />
  </properties>
  <testcase classname="sample.UtilsJUnit3Test" name="testHelloWorld" time="0.0" />
  <testcase classname="sample.UtilsJUnit3Test" name="testWithTimeout" time="1.0" />
  <testcase classname="sample.UtilsJUnit3Test" name="testExpectedException" time="0.0" />
  <system-out><![CDATA[* UtilsJUnit3Test: setUp() method
* UtilsJUnit3Test: test method 1 - testHelloWorld()
* UtilsJUnit3Test: tearDown() method
* UtilsJUnit3Test: setUp() method
* UtilsJUnit3Test: test method 2 - testWithTimeout()
computing 8001!
8001! = 4147863266490749639538636419921924361219445535602667100714956159791803123200816610664070500164619053573989023404985175591333102460063424380887022170893760512001452762725566959299999051238031671020296702164573638800419427822432871144472883831824728152246840359306858957183339148777298410958876490237708146935266584533558202587329997727975472279284632378673245405347635202303222912105345724499507357744506288058288902332093429204075084929797635745837337146498731487127244928839261587642548041908585611191019438347507005050018837055222363194429645909154813265003753801217796497565478115564164039195507121682996213978255233239012853184471974051036921434658296868589574203166545775437572812497033644416083063422400319414485508674988991631719567014623188667341415115967729183238839246636461051247804240933980844150555354708856064739573486927545557054004499687686666918274009765167066248493690925388424449399985108026900626500290686648661604301475477102977950118474385824196993908490315263520979390121643686376352361717935133697953102970508289750093519107545843941246628092022203022246886591401376997558277661047224485559925914070973320169424736629320344808094354169753537005298509186333787755798827427603487663964782162612103434284170000892349316861423811132537211889509486313641675862552137161848095480669714617361883854669193132831553351275232059046333079269886736696358756400066198606083044867239772044956167944939904315981636895147423653581909074697293773032881813646144670939301062724361918116332317223503728493100081539848324077933528550350890823213902897532911273887293010308541006778646015761023992116444365588753891639813199510981626017301427071089318773170296362302522166988743646245119724349196585385274736129527229376845909944724188794919641969698014445333608405596024376536456848413777325559490696353887608350856052194539207865182393367761224737025552258007104696760584477625814164204220509820147664358293821693290985470539597742401686829689916783388987198250119434695670992549274977143261314517092990888197335978794575513063067059418367172336837332988658982279271483696655946222584368317674757739190336003166094327424837802558403312985058715943117857901496546866543944421507752488720816021586281143186650645813709725084714404079873380762395080432051838461468069745566084351593391752221648819524171997149446327209003554144825546944687318604291302667580393378274057141739466143176386833874397810053651444234505259352149440327325896409809749051596129928740169628127978853638543028405077128999020798273102357067306848727604336918870835551685095898248500323642523017228882016913786152727473809288005378470714992650125724843045472497869652607196061246641070710638896852696626849099368210108452238399963757530761512164990061185241196675954780847681933133547978486849184696997175832554706566218971453722166730666552413082725425538644470776304749791741556090586019029150939715865089742621045432558025042169714689230303457597471676318795803016461887447917904616182486144237335471563825406265267339445717601046510847644125875286329927390989362732226257117941513169657153465230892579217050112688802620500120536624113650907298557933193249068340293768068152057813694740613618671835156246190336031470142590047895270156288163504100886096483828610765827201968846162596869960691136637471088239147769957326406394591842321760435075688568187944722792920656499237585864462121389119921037510862172947560403436483014766020497925618592820159690898773850761102939264156707224042648774162721107080311718211825505443593054119498701429529667183182614138109564877296924259899386312065065877444083722111550077211753077187300212572570891974382089147724423774903768311630001991685979912079189145994402992158058420639480187222489723535979796476697842127383783190558951813777466361049259045256324702524765934249862562583274748945765039747853400908953988312563816225026819671220366815259115260941513552470439342769450630735177479523312539790576554489258013413622741850849672487293221520087273160088441943303275316677335381182950097675675575044532722787204330230442367174175237546250132296566428568254193485747192654853475718745399977832960066727018475604977996046529447858466245168036577245940925893248382003717462087835616366523207945725327061898273640074163236662503663212133140148451064638770188938562362233701011971229867116744123508963699853296881624048231693051873589298858211837631273739850319999960123234474077945239283589079229162592586851812207458332923454805386026658904429393321868086001377454641237242157004784427854925011165288776686185967080530338472569274983897254613543305795477209243015710501275726669291538217392246597493210231989094210337936462301831416006170482191240884979417727595200799524063593606125031795357736368305461907279652435748218080373561995699354959919398816595163006468685577400007908650795698159468211653622054923278249129649174361579647143397824793983776444096218187919660492232562993159231293846445192127525112769063408958395200071055082659675351110609822655233340175276915032402389462726562626427669883921413746165268723752142371254997721536220266311964694792301738827117417089143726660729320341189053311794757412707958384624430170322953442756563856778945443213270827952513465765771380926158888689937012078343966003513319364963818541843592110833418979500068914469758925453201517774539564035203823241571741980959040487965136439525612436718665275277628193580566901681768766529679640941868920144932302888266395854071448015175524415787653695407344000322316688553063523109839489430820466145052153784465845878425444198085063381186376033564909767986307835799577791706286186957448216045755279807096360680150844437931836132596715803451533379017103418757061674723064273289151927845838141800169753738288512856841304362172703768252041378728909011203847294177486297479238398246682200234252399851298858542632742145643898066991679634767770773987660889626629016468933156622539407995295718614974178329232549352587751197702098984844218462015070262732609872666791323519216475309024995480477549929554072320753893996050791334178172359138191211619149047333997929144752750334739367426709832307505593134587268444816729826977627925678519474175144389917778487398758343216342762146484145776294132904099652378162234946211329786454728387581139832010800189074560681063290929574022579816204593240490188155940423579545201135209483278000403379949506227725943310573768961908377516569979217114547172515449084108677417302708213012967272877758645115606355374012514304429001482014771994839039656194912511657242161677044080010893516342222748320925091722217625371942908133459369830618108417303393092970592754641524620843687277017356519388529256118693139486772252418781042409163250570458455777004564084679102716222940687498780365248101171855207327423564100106252273511659001813625372642291898977676617757047184001616901149277187378917125392243880894468439769017204151360055832047909432558310494063794857156843301323918345006904875066212957270781090028063971737714183062704219998441221243734326134147533935408756456801860697203965902857396870995359589156283995487450105966835699307796231855806170335371002441955368982537632729326859282174830453488939110308176015413219960197069582888899417070460669829637506096710003311648775130663628672737665463736282810158022287472865328530334468698102735655445909204441339891458402890140863198857492288912883277997756573045491318477768348904224870244311708400539472634762175364823936142576500445476631175448319882322854713713346976460374897767577482833378890475391932234597304950693950515887842651659915471633455364779086950575441682291954694187975522599688231834789481827018237931372344273372015918388169518373529279648212610292979031611947913632027723756806197623096490971862847047456249090247948263746351486850516691356478451909657691947239886505951859861355567392773889552912215025951615180727297588985679574756696228186254906474463548105331588423084965602626581061511142668257042233895884239281171111347423721488860242778107879085766250274708235965114180257307317415607266116214159706278421561815608613172805594171344384331243516468108220489549112472193520807256055593977053785268793682711143498061972854052898913448454256764402944453153344528497149630361567543942619478986781843064712159950113620871325752897465749867442517540996573278797909853507327113731610429746398375110184841356168861884142591445753641810298946622443034463417502366615293868745664391271233445641930241910178938696317525150130754479940798218347261761557169572607835726729133927792532797889044777523152072773178366829628242143635512357182130025465643278897617379763352384549313094208355777248953675838841327675214146673644298089168026237137563161712457385367926873687708410962877120979049911803946794431186263610805473626813940105919159985568636230458222439532208225234202084191482677729834099266027666520762393307909418994866415878104768628302425968270722956381115172632501625584728344602181206626063636390040061523845608214185336031504631682765676494103957866156436023752431704232124326213546810288578562069350714537108907106418586473188911418910500802650259188885587030647832209164984114361405295564484724515392330763888062060921640501424818094393195200999698564220667473332351895145377511814168531998840582189892317965309377293901429992344012576886037425406543485999109910123505405381800253970644532873937243470329028279268156431198058885918060096410047014343268778022426909787154199119266879482424015631941060775310207329665804678783584403179938615684388582038086102509083411345967510541248361023538802637073097921870996249475529396698542591089200575518838201772956277652232508084343145892197408113518892415863313415343418530907989108872328489959743328560233582451845838461269542581229815100116318490282899811682294079121653407425919286341299515150247658181589754475417335863521363157643155005969824101445233482320511396833574090197617666800527053392903086745125471890672181551614483999657195494560440127228108338736989484064370755332896599853802979135093058716711847487947247563142149087307354606972792170520660977421613460035344150469406483631638792291948246305757739063956293441093865735588446283798890274226798695858903426434818289074732125519476565441861344840787330135829678536469649266265820833496037773488884983265119866699182477856217671672143607576988332607859591495445472826482228587856183915248914063936271786330385926401910817717802765487515614136956322299966232708630195375213864197879768122384395691182923256609707847163202367889099848320627365345787823517552171321568639671712420911659277288947276715016405173013763584821519138837970626726887738096693443943771027025154636105967958731789326959426631112342274262846550571980072834879396313323479699656649136664879751906911853348226498401078133432251538506346262188234826146747558404818794080666543883684619279441401060288440627962995147268133031577219367835066653327200295075706520785425126503809166474889123290464451225966918368778908425251275496072754397649508995888561110595191211015598930752546622365845029310844904510497236263056709060520887691491458758740305864942642239522633989077372044476795075286846011651107125058510745965365563537782276037334093027337026379583404213218062739946908193610358941432181028375441479783587662829710500790395415887721906158873661055274169458608334628955320351329334556458325475528914570170353339011429404240444096164494136011798056164842570966312496060885010043642183644316502973594984719585668538623474684896213882910914910260781250852075022815847250266196205583079858827180130945633490964188416510075120634901719377091253585247646988589761898379342198323242144392769356365315320950927445833245682948929627239715154130573477026728977772957956477858732503556680648671794052969451837060368869505072202723181502361209941864807159179715204353436978087470506457671372308848073693033574921752953414338278363393665716598009324837053301301690566176348887361650031483337433199683701864103599075532338946686974241516115057465036882286125775506883655312615997171953487647526480871098309009205159066628398485442817150861010917397839960300087109928705717813386895768328704285473108735093767946679585602717694962627595133814647645071467388321173858766466378258689163691135510217202999812946555207849183098856783044116706072154526886883655832733133591092956963164546433038854909381089739893348934023335674206053323711843861474027263624580308551788918453754994442302458853001712144977827575603955197508453828029655337937519053553461609445032862553361760453804284322523346806333172771998481494845234689187114301350640097910743689737597233934179490108678968805912690603811223427818054524562752267759014136378229897522575822229107402036950135348925503474322843919200042419355243255912870041759609221719176398621264977949967895179505828570763080983263701673258243833162936649365255211330059858778863402189916719765305467348149332837018041790061409771747030175476105442501230199449068264803419445542744499230020524910975520563265203749898885717997013663464535701536857127807112821631406643847553918457307030798136181081631446942425122974507264235647111015925139512460790619753936925051556249631581431549561358404410934656128340837272530957604305191376892572251109158855161354495925523786974228905393353849252652058110863430594073378494457882093316294051623747025815298197364881304717074058811210054983586751339838115748074164790488751125318030997411898778930084453965134931115090797731832764422618753755813485895887370212082011586861389404446192516651602571353188339176918212896632085150162845347274856579971814705503745097151418275049142625910364316662607904867803800172395755220088488298805770488959819887154432517988204529377039857882354542505290842303887214978397328919979733976065343276199716545870465911685059412617093189209732710078976472668467974235239850583988578670933737567615618660332118486775993025221057629770113762588347952276814003123720199527315410311952320944874610167565216985717862130404683326702954835089936026281372789615049339847860436108838989615747241035764871608299728247839860477862251839490660834650303580128205968266808210695230375719905617383062304824074886676205017313013436980196572409307132330171712849447017020542613771515465524255946445618204768404660574193122835483809314776189097743040257278621353144864595976113657095752662684147412601537766030619902264641145916389588935841440533011473964696903691994017046516151139494495260726392219301622616822815912104777901880960229584189433114792805549963775125803394782071062709943151443650812673810792399227845365007530691697442097944308567844448736428057636294694354487866760149490418541102889109359761255330637661738557917750398476173040707229462765685326074823170368417086682299749971054403173691996858966330635139744974633487495387595735561482674645343573973163454954235737924106994755613788846701391073519409901228475620644295694617734566991631256020702634519414976028745698913827519047595715227201805365750014674876140782519177390581915881232254498050530318759863927491503471030344070722153705409804083486964973177908993494085896956242322697252437197707759140232499688305886675477435694756424594578716196799767242730551856169516759002257113095792999048492917788795869545302236985453278502804754277867792170980317946105170442909531983664811723633094447956128440538719036587913672560231644879091442225997251572421491169933298549916655145001465629205880009958846019458804088566796814211589849920019645567941851782737618380600417753190252792091058411695442525679518009590949437014468007042905570832813536620028349991079213508538918087273268814541312489916090900420164718205080648621523886912859539082135387448495122651237477890567338937600865575158659105289366837324903503691221547167698247930486683355138952335039935569083746829832177456405109283568245120925140904033024015541461620690601602804185049598839237568065685750908951709585805036376880154541598138605829117733971680126426637912261717369944700474132537311811240887140404300438622399795742073037097125426377715381537978654437920474929177660589387735081486826219489670737788122975036782802387370228017378384595219148210140564620576399890395275262843997589317537354832062701373352936950735502410412408529854898941126831660340877794433919009642581652784840159001023233149091794641901785951920527612175313963862964042109323728209520621997572080673427123384892533466066398824221495066719975829479163282915805969154005175633241226898953553594652020633862439316068184946385676408113341078759408798619477123227687017023053520006176889260764105173134536178719434970732774235235423732948366788880219685292516503930692961961291466377868648911204112543569919769919315175669266089876605914358886581056748217773885947774810970370266971062964393979323776369236963535284659410504312111730177095855922671211490707696781963040957354120215171892448991076357128262993517829696920824151499339503937925091360059782433393705358571175188423009987466863933975689695752923473540919755057921605948411438957026439617339103071742224305980821320514941858289954435171825094056778408996825078752059766502177427516562199184278883140412689376099227184875153060083425208104771270098976670882532437517088241883462824425532927832159259483306356472440319783603161644299398730332234954303868709606913391507623516879204674370364945420309454652281961158040276446189085209478061196671436073958517307041241474800441150145282585717095248104528236969546372050764708543235496580208136112177063191805576095967585521735242271752490713913607331934468179329864766933290136471898014912662676033722920775128239454318497478257038719643989738839857425231661885193952330135948670286012056790166764830764278072925393398167601075173187368991143465715827174792047628270206349208780510076516013161227028674068468349673952396854267882369769588074885720895235039998174574151487065064752546762485468432386327670782910693428270127424612834790827815454734711893352817584851210128449900394836940471516320938291045469174003253831424041388211504794348970919136781396104800429645829520323013412287258721921947229840816907291427283877771675220223253944569041094515902136166755331364152448743969196668458065584503694469937495037828925418509204936046045030704741428477440173497774087288662230304536798208274791626224230708817186274307508879768952563445699806868833026427631918900964838764892916263814633219479947728274604338308884949306103999928235285404365041225357992013612633139593458272278570365811666937794638707303216881704676456434318497384229217884492792042089637328845153136840254862202623451901214312549842364150234940228050585074086342818616210467748792842718749759235024978629399418099703817162268644855061548560772193116551100702903586546985491134043581872688783120140799777673404966671163595439877920517330300837992856513508715161345963018250955198057444572689340559871723624747058771967369098415346505465899189885126451176738312644541018343464749951323085161967600260713337687093381366882444027296390835234163018172496118714960234064447957415696648544750580222945661121619783479371216610624349950753950679446008960099527160745324165672886146612996588129888975668204881828404616654786439847543888949115866137935511989704972891815455271072746394146334032941975510195748108990018419141220934817605669594969713424168824772678313690774257629629768310686768911622047869495246193059163899656268934294024689048592306921264238767688929581895968679342186682206195445136916198208678739132762236157820275885964839529590086889788565601230364531046081814592061080307368627648743164059038401777045759930554360066981822247020977036695096151069967959341214364342872073941529513957272250289466342066047302263216691273251658401320486651811662543993756575902418402354183123832644988130620779895359796942839966297539831354764647341854002285418277237564011610080053054885703148261370725204601488626560873079497493598476422620417589455264421489994140966045085429657771871388708734129285807944510677634830319252605927643282880717152497019948051584535805075302325872674740412470043227980794002592887540139844173901590359979581279686361961115038212883862662093600134337605354632301209645618912545487287624501243266525369456788847826800100688098318132405842606004527792852200751779783901932472160146424182689253042967181884956881870629042477450301507859180323480019772265835142803693860294196750279098351445442178852785853400724980545479722669088395158184256961419680675043209166519205484511312238889146073445301815364121284014841149335026143562054964026039204299222199818804004894041021645606530012575459579356140049128491769970462459247297324878327363645993701208949832385482773747852673259970768054370059371969200584864399166260273858117423107933586022785689549833662192939159357001239507200301246978219847900990440537219071742416431096577350839355811784120573989240735679295035771094650293502100525261756891412714478016526999005378561191277947022050969965057916126914069276608914975003582997131385105010429261858462460959013838819195170903946831925043034547901624283103263041954387353535314027903000252916105167254360464416905183297636569164456200475674536357588211238119432197619396194701680021798709637815133935830429108673438493859754971502241304873532441237506669316607763196242691253472329960355385498953164836655135622106706001628848366631967239775645712198880654877294410184299754587170722000214921912076725591561663434586435124417430372566399928428552774703208814403910876897593129171975002387288587268291566605293577336303924308528514661780379555419502147057863620957865126549375222493374611201524471956496333066137529715128643490119719286139855036924060737113039935939835058096158511531291053492796990737352939650718028868472344154114970167335610361260470344001782923502890741356927464389795917842234071993476252997766514107915940172246953318539967705265396954460445446487342775883885511008376999305496120644284947635594939279422042960044635687364106450922680325264512077286829905605183248334632147598788488541474068350899785103054803714667472281415416118384082083073250124231638589541010744266405595471682676154994885249619789910430646628935358607643618315810711904905372420178255891456343961905814512622961935804258433895033361487400340711504756828976127586555184899087878280859813672888903238713861246123226666546035332967909278306772976926870874079444562911740043926826790328801444534120467617729895306865864142077116037081289339399796394422299910245370795662213511696729683173938670649998088279586069860685783691742895803965754181361093866093717140339496268951270309204162688433236923551584460756739910863226307220943192148434882752997913569690636724608575236850538296093832898695740784793230798936747341348499585746086184396323975754338996988947569841472933656427853153527122276433533626970268135378977865962546816634716786358849137206434882140362275370082255720555748214392120625829428780035851406827554344612781930974289749226344598918337358244652213971657691865210187993027261938988670582016766312111480620877212834147950266455037669698775741797010521027462024533438202581142347418843721014750840554656488702904048386620409402098036600063684357036201663872513743888980749181687311670780859311939176509873322133377798870704731677044689136840376776777710299299404958963360575788188451076045123281975717237184268672330363510476454338286203151789134212226490802512188348340049232182486770418174877078041317867861459907564156060672743575504814581970278598414349011969224792738719578719462209739530473834251386964118815070951873401820809897564864528870992905076668990713832565322547815646156633853778050236443816423804875800875437420474015529743991001267969121851352693630280745222490587541772183616773100994075658937836211119835379709288786696242423675030428518024645666499248379758472850093731199985142265072079245389643503573619839143580532662874471345315964896543909216649573013665256506344942460161356098588708687206036407782077506633561182791880853670840776938974652650987674490318057371727363822887706875407409651550104988818214782744207066479678491661754504661440141856081478969877120144492873125032763773757725965284652318192023288779444888632161962313033189038796786803311748962183953691768025129845050533161931162990536440462150356022969341528758670838196191279139586143828185853066895089292948601934452294191798884974695620969611857228457957286695653947542918534988705683486404295833661514223621743148645547761444135368929787582379573354887653242997144672874231643583339556357303320228534125513728958147195655248904168528695426673361089081098816506220595593776390192366328951676148356168399571015972482753873135428357889604116132136997405349264488618085237202427466558915794088301573563134794435844767765825128030811207885911248988208619991594519922003387359813726176844032452217894307270570833342788043003497743057911264858610366227625424973294138919379641551263476810400154039141118979797906502925352089386041165021489672365339965698900425868342111837775980607117843601254693727854518743134085233232174382748803183097922823448219610782482879353675568074323663281849686394462667088763757201904675165483330340041543972112355871111506010607387093418232652380777777058675285759861322185587034945015319566503626854024891082089643854059570698025971845920174922615838370839595743106741100658551337226539278488194483331173245165749824293365114518671203074456910896496997340972161556340088893598815094396350353475907547411862748011289375448617747072846767667329975565382689213767581576085980531925485664711887525890623026892051100727430141070552646693301583194175083087642401508772531971576008620291920659952020217806271204785880435866666812308679164657850903384274708072562875948215314251567901074440583960514061553243440743868917229938098589337156541813855929550987640531885300818079065585030350465237887125263180537827634172520442162861799283146382848902187245844089712461660390313390376620205297887084544000000000000000000000000000000000000000000000000000000000000000000000000000000000000000000000000000000000000000000000000000000000000000000000000000000000000000000000000000000000000000000000000000000000000000000000000000000000000000000000000000000000000000000000000000000000000000000000000000000000000000000000000000000000000000000000000000000000000000000000000000000000000000000000000000000000000000000000000000000000000000000000000000000000000000000000000000000000000000000000000000000000000000000000000000000000000000000000000000000000000000000000000000000000000000000000000000000000000000000000000000000000000000000000000000000000000000000000000000000000000000000000000000000000000000000000000000000000000000000000000000000000000000000000000000000000000000000000000000000000000000000000000000000000000000000000000000000000000000000000000000000000000000000000000000000000000000000000000000000000000000000000000000000000000000000000000000000000000000000000000000000000000000000000000000000000000000000000000000000000000000000000000000000000000000000000000000000000000000000000000000000000000000000000000000000000000000000000000000000000000000000000000000000000000000000000000000000000000000000000000000000000000000000000000000000000000000000000000000000000000000000000000000000000000000000000000000000000000000000000000000000000000000000000000000000000000000000000000000000000000000000000000000000000000000000000000000000000000000000000000000000000000000000000000000000000000000000000000000000000000000000000000000000000000000000000000000000000000000000000000000000000000000000000000000000000000000000000000000000000000000000000000000000000000000000000000000000000000000000000000000000000000000000000000000000000000000000000000000000000000000000000000000000000000000000000000000000000000000000000000000000000000000000000000000000000000000000000000000000000000000000000000000000000000000000000000000000000000000000000000000000000000000000000000000000000000000000000000000000000000000000000000000000
* UtilsJUnit3Test: tearDown() method
* UtilsJUnit3Test: setUp() method
* UtilsJUnit3Test: test method 3 - testExpectedException()
* UtilsJUnit3Test: tearDown() method
]]></system-out>
  <system-err><![CDATA[]]></system-err>
</testsuite>
